Vertex Count : 999 Edge Count : 4994 Thread Count : 5
1 21
2 19
3 26
4 14
5 22
6 30
7 23
8 25
9 23
10 24
11 26
12 23
13 27
14 20
15 26
16 22
17 24
18 23
19 19
20 22
21 20
22 25
23 24
24 16
25 20
26 23
27 27
28 24
29 22
30 27
31 31
32 29
33 26
34 23
35 22
36 25
37 20
38 23
39 15
40 25
41 22
42 20
43 17
44 19
45 15
46 20
47 26
48 21
49 26
50 25
51 20
52 27
53 24
54 28
55 29
56 33
57 24
58 27
59 25
60 24
61 25
62 28
63 22
64 23
65 25
66 27
67 25
68 24
69 26
70 22
71 26
72 21
73 18
74 21
75 23
76 28
77 24
78 17
79 19
80 23
81 33
82 26
83 26
84 28
85 18
86 12
87 17
88 21
89 18
90 26
91 20
92 21
93 22
94 22
95 21
96 18
97 26
98 19
99 26
100 27
101 17
102 24
103 28
104 27
105 28
106 26
107 28
108 22
109 22
110 21
111 30
112 23
113 22
114 24
115 25
116 22
117 24
118 22
119 23
120 18
121 24
122 25
123 29
124 20
125 26
126 29
127 26
128 24
129 23
130 33
131 32
132 27
133 24
134 22
135 24
136 20
137 26
138 24
139 20
140 22
141 25
142 29
143 24
144 16
145 23
146 26
147 30
148 24
149 31
150 25
151 32
152 31
153 26
154 21
155 23
156 16
157 22
158 28
159 20
160 18
161 20
162 18
163 27
164 31
165 27
166 25
167 26
168 19
169 18
170 25
171 21
172 25
173 32
174 26
175 25
176 21
177 30
178 27
179 21
180 26
181 23
182 31
183 22
184 27
185 21
186 19
187 14
188 26
189 25
190 25
191 31
192 21
193 25
194 18
195 22
196 14
197 21
198 25
199 16
200 25
201 30
202 24
203 27
204 25
205 21
206 27
207 24
208 26
209 25
210 20
211 30
212 22
213 26
214 25
215 20
216 24
217 24
218 24
219 25
220 23
221 27
222 21
223 29
224 23
225 17
226 22
227 26
228 21
229 26
230 24
231 26
232 21
233 18
234 21
235 21
236 31
237 25
238 15
239 20
240 29
241 23
242 22
243 21
244 17
245 21
246 26
247 26
248 25
249 24
250 28
251 24
252 30
253 29
254 31
255 25
256 26
257 26
258 25
259 27
260 23
261 18
262 21
263 27
264 26
265 26
266 25
267 22
268 25
269 24
270 26
271 21
272 22
273 19
274 23
275 28
276 19
277 21
278 25
279 25
280 27
281 28
282 26
283 24
284 21
285 23
286 22
287 18
288 23
289 21
290 28
291 27
292 28
293 26
294 28
295 24
296 28
297 23
298 23
299 22
300 20
301 19
302 25
303 20
304 19
305 22
306 14
307 22
308 21
309 20
310 30
311 28
312 26
313 14
314 19
315 23
316 18
317 28
318 27
319 25
320 25
321 21
322 26
323 25
324 15
325 28
326 26
327 24
328 33
329 22
330 20
331 25
332 22
333 16
334 17
335 25
336 25
337 29
338 24
339 32
340 27
341 24
342 23
343 25
344 28
345 21
346 23
347 24
348 28
349 26
350 26
351 26
352 18
353 22
354 21
355 19
356 22
357 20
358 19
359 22
360 22
361 28
362 25
363 28
364 27
365 21
366 22
367 20
368 23
369 23
370 23
371 27
372 25
373 22
374 26
375 22
376 21
377 25
378 19
379 22
380 21
381 24
382 20
383 25
384 16
385 22
386 22
387 24
388 23
389 31
390 29
391 25
392 24
393 24
394 19
395 22
396 25
397 18
398 13
399 11
400 14
401 23
402 27
403 28
404 23
405 14
406 24
407 21
408 22
409 23
410 26
411 23
412 25
413 28
414 23
415 28
416 27
417 23
418 25
419 18
420 27
421 24
422 23
423 22
424 30
425 29
426 22
427 26
428 24
429 23
430 19
431 25
432 18
433 27
434 21
435 23
436 30
437 23
438 26
439 24
440 17
441 27
442 22
443 21
444 20
445 18
446 17
447 22
448 27
449 23
450 25
451 16
452 25
453 22
454 27
455 26
456 26
457 23
458 21
459 22
460 21
461 25
462 25
463 26
464 23
465 23
466 26
467 22
468 28
469 25
470 25
471 12
472 27
473 26
474 21
475 21
476 31
477 26
478 24
479 24
480 25
481 29
482 16
483 17
484 23
485 29
486 27
487 19
488 18
489 24
490 26
491 25
492 21
493 26
494 30
495 25
496 22
497 21
498 19
499 27
500 27
501 20
502 22
503 24
504 25
505 22
506 23
507 22
508 20
509 20
510 22
511 28
512 19
513 24
514 27
515 20
516 25
517 23
518 18
519 33
520 25
521 20
522 25
523 21
524 24
525 25
526 24
527 24
528 26
529 24
530 25
531 26
532 19
533 27
534 21
535 22
536 25
537 23
538 20
539 21
540 21
541 23
542 26
543 28
544 20
545 24
546 34
547 29
548 24
549 27
550 29
551 31
552 24
553 21
554 23
555 26
556 23
557 21
558 22
559 26
560 23
561 27
562 20
563 22
564 11
565 16
566 22
567 19
568 22
569 21
570 17
571 25
572 24
573 18
574 22
575 18
576 21
577 25
578 16
579 22
580 25
581 24
582 21
583 23
584 21
585 19
586 22
587 27
588 23
589 19
590 20
591 26
592 19
593 26
594 24
595 24
596 11
597 22
598 24
599 23
600 24
601 29
602 26
603 25
604 30
605 22
606 24
607 20
608 17
609 24
610 16
611 24
612 24
613 21
614 18
615 23
616 29
617 21
618 23
619 20
620 18
621 27
622 30
623 26
624 25
625 24
626 23
627 22
628 26
629 27
630 20
631 31
632 27
633 24
634 23
635 23
636 22
637 25
638 36
639 28
640 28
641 26
642 24
643 23
644 28
645 29
646 21
647 18
648 28
649 34
650 26
651 25
652 17
653 22
654 22
655 25
656 28
657 23
658 27
659 31
660 28
661 20
662 26
663 30
664 22
665 23
666 22
667 25
668 22
669 25
670 21
671 16
672 20
673 26
674 30
675 18
676 25
677 23
678 29
679 22
680 19
681 25
682 26
683 26
684 23
685 24
686 24
687 26
688 22
689 24
690 24
691 20
692 17
693 23
694 25
695 22
696 26
697 26
698 27
699 20
700 23
701 24
702 25
703 29
704 26
705 22
706 28
707 24
708 19
709 26
710 23
711 26
712 21
713 22
714 21
715 28
716 25
717 23
718 23
719 30
720 26
721 27
722 24
723 25
724 27
725 26
726 29
727 27
728 23
729 25
730 30
731 29
732 25
733 18
734 20
735 23
736 21
737 25
738 25
739 21
740 23
741 25
742 25
743 25
744 23
745 22
746 30
747 24
748 20
749 25
750 27
751 25
752 28
753 27
754 19
755 28
756 24
757 27
758 15
759 18
760 26
761 25
762 12
763 14
764 25
765 26
766 24
767 16
768 24
769 23
770 27
771 24
772 27
773 25
774 25
775 20
776 26
777 37
778 26
779 27
780 20
781 23
782 22
783 24
784 25
785 23
786 26
787 21
788 25
789 23
790 20
791 27
792 28
793 26
794 26
795 29
796 27
797 29
798 27
799 24
800 26
801 27
802 27
803 24
804 22
805 24
806 22
807 29
808 23
809 22
810 23
811 20
812 24
813 21
814 23
815 25
816 31
817 28
818 27
819 25
820 28
821 26
822 9
823 10
824 15
825 24
826 25
827 25
828 17
829 29
830 25
831 25
832 15
833 25
834 29
835 30
836 26
837 15
838 23
839 28
840 23
841 23
842 24
843 15
844 16
845 17
846 15
847 18
848 16
849 24
850 22
851 26
852 27
853 23
854 30
855 33
856 23
857 21
858 19
859 31
860 24
861 25
862 24
863 22
864 25
865 26
866 20
867 14
868 24
869 24
870 26
871 23
872 22
873 26
874 23
875 21
876 15
877 27
878 25
879 19
880 24
881 23
882 25
883 25
884 27
885 24
886 18
887 20
888 24
889 8
890 15
891 24
892 17
893 22
894 25
895 24
896 20
897 26
898 21
899 28
900 29
901 23
902 20
903 19
904 21
905 27
906 23
907 24
908 27
909 24
910 20
911 13
912 19
913 27
914 27
915 23
916 21
917 24
918 17
919 16
920 25
921 28
922 19
923 0
924 6
925 15
926 21
927 20
928 21
929 24
930 30
931 27
932 24
933 25
934 24
935 30
936 27
937 33
938 22
939 27
940 26
941 27
942 24
943 21
944 25
945 26
946 26
947 17
948 20
949 16
950 26
951 25
952 23
953 19
954 20
955 23
956 27
957 22
958 27
959 21
960 20
961 23
962 18
963 22
964 26
965 28
966 25
967 17
968 26
969 20
970 22
971 28
972 22
973 28
974 26
975 20
976 25
977 34
978 29
979 21
980 23
981 26
982 20
983 28
984 28
985 24
986 17
987 31
988 20
989 19
990 33
991 20
992 18
993 22
994 23
995 20
996 24
997 20
998 31
999 36
Total Execution Time : 26055
