Vertex Count : 499 Edge Count : 2494 Thread Count : 4
1 17
2 13
3 16
4 19
5 22
6 26
7 16
8 17
9 16
10 11
11 13
12 11
13 16
14 16
15 18
16 14
17 7
18 8
19 3
20 15
21 8
22 7
23 16
24 16
25 12
26 12
27 11
28 14
29 11
30 10
31 13
32 17
33 15
34 12
35 16
36 21
37 13
38 22
39 13
40 14
41 17
42 13
43 15
44 13
45 27
46 22
47 17
48 10
49 15
50 14
51 12
52 18
53 13
54 12
55 11
56 20
57 15
58 16
59 12
60 16
61 17
62 16
63 10
64 5
65 13
66 19
67 15
68 15
69 15
70 14
71 10
72 15
73 18
74 15
75 12
76 21
77 14
78 8
79 13
80 12
81 17
82 16
83 12
84 20
85 15
86 19
87 18
88 21
89 11
90 12
91 9
92 18
93 17
94 19
95 20
96 12
97 12
98 19
99 15
100 12
101 16
102 10
103 12
104 8
105 21
106 18
107 20
108 11
109 8
110 16
111 3
112 15
113 17
114 15
115 15
116 15
117 14
118 14
119 18
120 13
121 17
122 17
123 16
124 23
125 17
126 15
127 5
128 3
129 19
130 14
131 14
132 6
133 16
134 16
135 8
136 12
137 13
138 20
139 20
140 12
141 16
142 15
143 14
144 14
145 11
146 15
147 12
148 15
149 15
150 18
151 11
152 12
153 22
154 15
155 13
156 15
157 13
158 20
159 16
160 14
161 16
162 14
163 20
164 16
165 7
166 9
167 0
168 14
169 13
170 10
171 15
172 16
173 14
174 18
175 16
176 20
177 20
178 23
179 17
180 18
181 14
182 13
183 12
184 9
185 11
186 18
187 10
188 15
189 13
190 21
191 15
192 14
193 26
194 24
195 14
196 18
197 12
198 12
199 17
200 14
201 17
202 14
203 13
204 16
205 13
206 18
207 12
208 14
209 14
210 9
211 15
212 12
213 8
214 15
215 20
216 9
217 11
218 9
219 5
220 13
221 12
222 16
223 16
224 18
225 19
226 14
227 12
228 13
229 10
230 14
231 16
232 15
233 18
234 17
235 12
236 12
237 8
238 15
239 16
240 18
241 9
242 12
243 14
244 24
245 20
246 20
247 12
248 12
249 15
250 25
251 14
252 15
253 13
254 15
255 26
256 13
257 14
258 15
259 16
260 17
261 14
262 12
263 14
264 14
265 16
266 13
267 7
268 11
269 7
270 10
271 10
272 9
273 14
274 11
275 19
276 10
277 15
278 20
279 16
280 2
281 14
282 16
283 18
284 13
285 15
286 16
287 12
288 13
289 11
290 13
291 17
292 13
293 19
294 26
295 17
296 21
297 13
298 10
299 12
300 14
301 15
302 12
303 7
304 18
305 15
306 7
307 14
308 11
309 11
310 13
311 13
312 18
313 11
314 15
315 13
316 14
317 14
318 18
319 14
320 11
321 19
322 12
323 14
324 10
325 19
326 21
327 13
328 10
329 12
330 14
331 11
332 17
333 14
334 13
335 5
336 11
337 11
338 15
339 9
340 11
341 11
342 12
343 16
344 17
345 13
346 16
347 14
348 12
349 15
350 17
351 15
352 17
353 11
354 8
355 10
356 7
357 15
358 14
359 11
360 13
361 15
362 8
363 14
364 17
365 15
366 19
367 18
368 17
369 18
370 11
371 22
372 16
373 16
374 18
375 17
376 10
377 19
378 21
379 15
380 16
381 13
382 6
383 11
384 18
385 20
386 19
387 18
388 13
389 13
390 15
391 6
392 9
393 12
394 13
395 16
396 19
397 16
398 11
399 9
400 6
401 15
402 15
403 16
404 11
405 14
406 15
407 12
408 15
409 14
410 18
411 13
412 9
413 13
414 20
415 12
416 20
417 17
418 19
419 19
420 20
421 12
422 13
423 16
424 8
425 12
426 16
427 10
428 10
429 17
430 13
431 17
432 11
433 22
434 17
435 19
436 19
437 15
438 16
439 18
440 18
441 13
442 8
443 9
444 13
445 13
446 12
447 13
448 10
449 18
450 9
451 15
452 16
453 14
454 16
455 10
456 18
457 14
458 11
459 8
460 14
461 17
462 16
463 18
464 15
465 15
466 16
467 17
468 11
469 18
470 16
471 17
472 14
473 9
474 13
475 13
476 19
477 16
478 10
479 13
480 17
481 20
482 16
483 17
484 16
485 12
486 11
487 11
488 15
489 17
490 19
491 18
492 18
493 16
494 18
495 8
496 5
497 4
498 6
499 16
Total Execution Time : 19225
