2039908
2105370
2055414
1418182
1433124
1371101
1263116
1248398
1203723
1172556
1128189
1149988
1197946
1234340
1108891
1232361
1177110
1276360
1391017
1548206
1464235
1632112
1518735
1628963
2288912
2240380
2265211
2755522
2668482
2730492
3263696
3273207
3270242
2153153
2207091
2181723
1884699
1849977
1879338
1820847
1792799
1804907
1876000
1867379
1846251
2039337
2016898
2050603
2336892
2332995
2295215
2537508
2567481
2497795
3543855
3478533
3451051
4332546
4438014
4344578
4265693
4199824
4357749
2900408
2904227
2780292
2425762
2454916
2353491
2324527
2196538
2257194
2323259
2327288
2336288
2495566
2563080
2535542
2842711
2910688
2889698
3223989
3240756
3179384
4481654
4376825
4391141
5308750
5403302
5362062
4653441
4609164
4631698
2964816
3082617
2976792
2564688
2572412
2522832
2468555
2457543
2475700
2396846
2466348
2509094
2613757
2634055
2701716
3075951
2911267
3036279
3575087
3431871
3380475
4812852
4745945
4756671
5765333
6126596
5716590
