1 17
2 13
3 20
4 25
5 28
6 16
7 29
8 26
9 21
10 20
11 21
12 24
13 20
14 22
15 24
16 27
17 23
18 22
19 15
20 28
21 22
22 23
23 22
24 20
25 15
26 13
27 21
28 20
29 16
30 24
31 26
32 23
33 25
34 22
35 26
36 25
37 21
38 23
39 9
40 21
41 23
42 25
43 24
44 26
45 15
46 20
47 23
48 21
49 19
50 22
51 30
52 19
53 23
54 22
55 23
56 18
57 20
58 19
59 22
60 23
61 21
62 21
63 22
64 17
65 12
66 21
67 15
68 11
69 19
70 21
71 26
72 23
73 23
74 21
75 22
76 23
77 28
78 21
79 23
80 26
81 24
82 19
83 24
84 16
85 21
86 20
87 22
88 26
89 26
90 26
91 22
92 22
93 23
94 26
95 18
96 26
97 28
98 21
99 23
100 38
101 24
102 19
103 22
104 28
105 15
106 20
107 22
108 20
109 23
110 26
111 16
112 27
113 20
114 22
115 22
116 28
117 26
118 26
119 22
120 27
121 21
122 22
123 25
124 29
125 22
126 14
127 21
128 20
129 24
130 25
131 24
132 16
133 15
134 24
135 23
136 16
137 14
138 21
139 23
140 25
141 21
142 13
143 25
144 21
145 22
146 18
147 28
148 20
149 25
150 24
151 19
152 18
153 27
154 21
155 21
156 6
157 12
158 14
159 18
160 20
161 22
162 27
163 26
164 24
165 18
166 18
167 12
168 16
169 17
170 21
171 16
172 20
173 21
174 16
175 22
176 24
177 29
178 23
179 28
180 22
181 23
182 23
183 18
184 26
185 21
186 31
187 33
188 20
189 21
190 28
191 14
192 24
193 19
194 27
195 16
196 22
197 23
198 20
199 13
200 4
201 14
202 21
203 23
204 21
205 22
206 20
207 23
208 20
209 21
210 26
211 22
212 20
213 21
214 21
215 25
216 21
217 21
218 16
219 20
220 25
221 21
222 23
223 24
224 19
225 25
226 28
227 19
228 25
229 22
230 21
231 23
232 26
233 23
234 23
235 22
236 21
237 24
238 25
239 22
240 26
241 20
242 21
243 24
244 25
245 21
246 22
247 21
248 21
249 22
250 19
251 26
252 20
253 19
254 21
255 22
256 26
257 20
258 21
259 22
260 20
261 25
262 22
263 24
264 21
265 27
266 24
267 21
268 24
269 15
270 12
271 17
272 18
273 18
274 29
275 27
276 24
277 23
278 28
279 26
280 21
281 24
282 22
283 23
284 22
285 19
286 18
287 21
288 13
289 15
290 33
291 17
292 28
293 19
294 21
295 24
296 30
297 20
298 20
299 18
300 19
301 20
302 19
303 23
304 23
305 26
306 27
307 23
308 25
309 22
310 21
311 24
312 22
313 21
314 23
315 22
316 19
317 21
318 24
319 18
320 20
321 28
322 26
323 26
324 21
325 17
326 19
327 28
328 27
329 17
330 19
331 18
332 21
333 24
334 23
335 23
336 17
337 26
338 21
339 14
340 9
341 24
342 23
343 21
344 19
345 20
346 14
347 16
348 16
349 21
350 27
351 26
352 21
353 20
354 24
355 21
356 24
357 23
358 22
359 24
360 15
361 18
362 18
363 21
364 16
365 22
366 21
367 19
368 16
369 18
370 26
371 23
372 24
373 23
374 24
375 23
376 24
377 20
378 26
379 22
380 21
381 21
382 20
383 21
384 23
385 18
386 16
387 19
388 20
389 25
390 24
391 14
392 21
393 17
394 21
395 19
396 20
397 21
398 16
399 18
400 21
401 18
402 17
403 21
404 23
405 23
406 21
407 21
408 26
409 19
410 18
411 19
412 15
413 14
414 27
415 23
416 21
417 23
418 19
419 19
420 20
421 19
422 20
423 23
424 22
425 22
426 23
427 18
428 22
429 26
430 22
431 20
432 19
433 17
434 16
435 22
436 23
437 22
438 29
439 20
440 28
441 19
442 21
443 20
444 22
445 20
446 19
447 24
448 18
449 20
450 21
451 19
452 23
453 20
454 15
455 18
456 22
457 26
458 19
459 22
460 24
461 22
462 23
463 23
464 24
465 20
466 25
467 28
468 17
469 18
470 23
471 26
472 23
473 18
474 23
475 22
476 20
477 15
478 15
479 23
480 19
481 11
482 22
483 23
484 22
485 26
486 24
487 18
488 10
489 19
490 20
491 20
492 24
493 23
494 26
495 18
496 15
497 14
498 16
499 23
500 23
501 20
502 21
503 22
504 23
505 23
506 25
507 24
508 26
509 23
510 18
511 22
512 18
513 21
514 23
515 21
516 18
517 22
518 22
519 24
520 24
521 16
522 21
523 18
524 19
525 12
526 11
527 18
528 25
529 25
530 20
531 16
532 21
533 27
534 25
535 20
536 16
537 27
538 21
539 22
540 26
541 21
542 21
543 27
544 20
545 13
546 18
547 19
548 22
549 25
550 28
551 15
552 26
553 24
554 27
555 20
556 20
557 18
558 17
559 27
560 25
561 26
562 16
563 23
564 19
565 17
566 23
567 21
568 19
569 20
570 28
571 27
572 28
573 22
574 23
575 23
576 20
577 24
578 23
579 21
580 20
581 18
582 21
583 23
584 31
585 26
586 27
587 22
588 27
589 17
590 16
591 19
592 26
593 24
594 18
595 24
596 20
597 18
598 22
599 24
600 25
601 25
602 23
603 30
604 28
605 22
606 26
607 24
608 23
609 23
610 28
611 20
612 22
613 22
614 23
615 23
616 22
617 25
618 22
619 21
620 20
621 30
622 17
623 26
624 32
625 25
626 15
627 13
628 24
629 23
630 25
631 27
632 25
633 19
634 20
635 21
636 13
637 16
638 23
639 21
640 25
641 23
642 21
643 22
644 20
645 22
646 12
647 9
648 20
649 29
650 17
651 23
652 18
653 23
654 22
655 18
656 21
657 20
658 25
659 23
660 21
661 13
662 21
663 28
664 21
665 22
666 20
667 17
668 21
669 23
670 26
671 25
672 19
673 20
674 29
675 20
676 25
677 15
678 23
679 21
680 27
681 23
682 17
683 20
684 19
685 22
686 21
687 17
688 22
689 16
690 23
691 24
692 20
693 24
694 22
695 24
696 19
697 19
698 24
699 22
700 19
701 14
702 23
703 16
704 26
705 19
706 17
707 28
708 25
709 23
710 22
711 22
712 13
713 17
714 19
715 25
716 21
717 21
718 14
719 22
720 20
721 19
722 23
723 21
724 28
725 29
726 23
727 28
728 23
729 25
730 23
731 22
732 16
733 20
734 21
735 24
736 25
737 22
738 19
739 22
740 26
741 23
742 17
743 21
744 18
745 17
746 19
747 22
748 18
749 25
750 20
751 18
752 19
753 20
754 26
755 22
756 21
757 24
758 23
759 20
760 22
761 9
762 23
763 21
764 24
765 25
766 23
767 16
768 21
769 20
770 16
771 21
772 26
773 28
774 24
775 16
776 27
777 20
778 20
779 25
780 20
781 17
782 19
783 23
784 20
785 24
786 11
787 16
788 25
789 24
790 26
791 22
792 23
793 18
794 20
795 19
796 20
797 23
798 21
799 19
800 17
801 21
802 20
803 18
804 28
805 17
806 19
807 21
808 21
809 24
810 26
811 19
812 27
813 22
814 22
815 22
816 20
817 18
818 19
819 14
820 21
821 22
822 21
823 20
824 20
825 24
826 24
827 22
828 25
829 25
830 17
831 27
832 23
833 20
834 24
835 20
836 19
837 19
838 10
839 15
840 18
841 23
842 24
843 21
844 18
845 24
846 22
847 20
848 25
849 24
850 24
851 21
852 13
853 9
854 17
855 23
856 26
857 23
858 21
859 23
860 21
861 19
862 26
863 23
864 33
865 23
866 20
867 22
868 23
869 23
870 25
871 23
872 23
873 26
874 24
875 25
876 24
877 33
878 17
879 18
880 23
881 26
882 22
883 24
884 23
885 24
886 20
887 21
888 23
889 10
890 24
891 15
892 28
893 24
894 23
895 24
896 22
897 24
898 20
899 16
900 26
901 24
902 17
903 14
904 16
905 23
906 21
907 20
908 22
909 24
910 18
911 25
912 20
913 23
914 22
915 21
916 24
917 25
918 24
919 23
920 17
921 11
922 16
923 17
924 23
925 29
926 14
927 15
928 21
929 25
930 21
931 20
932 17
933 15
934 22
935 22
936 24
937 25
938 23
939 22
940 16
941 24
942 18
943 15
944 19
945 22
946 14
947 27
948 27
949 23
950 29
951 21
952 22
953 26
954 22
955 21
956 27
957 26
958 18
959 19
960 22
961 27
962 22
963 24
964 28
965 25
966 17
967 16
968 20
969 22
970 21
971 19
972 21
973 23
974 25
975 28
976 21
977 11
978 13
979 23
980 21
981 21
982 22
983 18
984 20
985 20
986 16
987 29
988 21
989 28
990 20
991 19
992 13
993 18
994 19
995 24
996 18
997 18
998 21
999 21
1000 21
1001 19
1002 13
1003 21
1004 28
1005 13
1006 15
1007 27
1008 24
1009 31
1010 21
1011 22
1012 19
1013 15
1014 13
1015 23
1016 31
1017 23
1018 26
1019 23
1020 20
1021 28
1022 29
1023 16
1024 29
1025 24
1026 24
1027 21
1028 18
1029 16
1030 25
1031 33
1032 21
1033 24
1034 23
1035 24
1036 20
1037 19
1038 16
1039 18
1040 23
1041 21
1042 22
1043 20
1044 26
1045 17
1046 22
1047 23
1048 21
1049 17
1050 26
1051 23
1052 24
1053 25
1054 24
1055 16
1056 21
1057 21
1058 15
1059 22
1060 19
1061 24
1062 22
1063 20
1064 18
1065 18
1066 18
1067 29
1068 32
1069 23
1070 20
1071 21
1072 31
1073 24
1074 18
1075 25
1076 22
1077 19
1078 15
1079 24
1080 17
1081 20
1082 20
1083 18
1084 19
1085 21
1086 23
1087 17
1088 25
1089 22
1090 17
1091 19
1092 21
1093 26
1094 24
1095 22
1096 22
1097 23
1098 22
1099 25
1100 19
1101 24
1102 15
1103 23
1104 22
1105 28
1106 24
1107 20
1108 24
1109 25
1110 23
1111 22
1112 22
1113 20
1114 18
1115 22
1116 21
1117 19
1118 20
1119 21
1120 24
1121 24
1122 21
1123 23
1124 26
1125 23
1126 23
1127 25
1128 15
1129 19
1130 28
1131 20
1132 16
1133 15
1134 19
1135 15
1136 19
1137 26
1138 25
1139 22
1140 22
1141 21
1142 16
1143 21
1144 18
1145 24
1146 27
1147 22
1148 18
1149 21
1150 30
1151 23
1152 21
1153 25
1154 24
1155 24
1156 26
1157 22
1158 24
1159 18
1160 15
1161 21
1162 27
1163 27
1164 25
1165 24
1166 22
1167 10
1168 17
1169 24
1170 25
1171 20
1172 15
1173 20
1174 26
1175 22
1176 26
1177 19
1178 24
1179 23
1180 20
1181 22
1182 23
1183 22
1184 20
1185 23
1186 24
1187 23
1188 26
1189 22
1190 21
1191 20
1192 27
1193 24
1194 24
1195 26
1196 15
1197 14
1198 19
1199 18
1200 24
1201 17
1202 23
1203 11
1204 22
1205 19
1206 17
1207 24
1208 27
1209 25
1210 24
1211 20
1212 22
1213 26
1214 23
1215 18
1216 26
1217 24
1218 28
1219 20
1220 20
1221 28
1222 21
1223 16
1224 27
1225 23
1226 21
1227 30
1228 23
1229 23
1230 26
1231 23
1232 15
1233 20
1234 23
1235 21
1236 17
1237 18
1238 25
1239 22
1240 28
1241 28
1242 25
1243 26
1244 15
1245 23
1246 26
1247 23
1248 25
1249 21
1250 25
1251 24
1252 21
1253 20
1254 22
1255 23
1256 26
1257 22
1258 24
1259 25
1260 27
1261 24
1262 25
1263 21
1264 18
1265 17
1266 22
1267 20
1268 22
1269 25
1270 22
1271 22
1272 30
1273 22
1274 27
1275 24
1276 26
1277 23
1278 26
1279 20
1280 14
1281 13
1282 18
1283 22
1284 23
1285 21
1286 25
1287 18
1288 27
1289 25
1290 26
1291 22
1292 26
1293 21
1294 23
1295 20
1296 22
1297 22
1298 23
1299 20
1300 20
1301 19
1302 24
1303 23
1304 23
1305 23
1306 14
1307 20
1308 20
1309 26
1310 25
1311 24
1312 19
1313 15
1314 17
1315 12
1316 14
1317 15
1318 16
1319 23
1320 25
1321 17
1322 20
1323 26
1324 25
1325 20
1326 25
1327 25
1328 15
1329 21
1330 21
1331 26
1332 23
1333 23
1334 30
1335 26
1336 21
1337 24
1338 24
1339 23
1340 25
1341 18
1342 16
1343 20
1344 27
1345 23
1346 22
1347 22
1348 18
1349 29
1350 32
1351 22
1352 26
1353 23
1354 17
1355 23
1356 26
1357 25
1358 22
1359 27
1360 19
1361 23
1362 24
1363 19
1364 24
1365 24
1366 24
1367 23
1368 20
1369 24
1370 20
1371 21
1372 15
1373 26
1374 23
1375 25
1376 15
1377 24
1378 24
1379 25
1380 20
1381 23
1382 24
1383 20
1384 24
1385 24
1386 21
1387 20
1388 22
1389 15
1390 22
1391 26
1392 20
1393 24
1394 25
1395 27
1396 22
1397 21
1398 26
1399 21
1400 25
1401 21
1402 17
1403 19
1404 18
1405 15
1406 20
1407 21
1408 13
1409 18
1410 22
1411 20
1412 23
1413 20
1414 21
1415 30
1416 20
1417 21
1418 22
1419 21
1420 29
1421 21
1422 25
1423 18
1424 22
1425 18
1426 20
1427 20
1428 21
1429 19
1430 26
1431 21
1432 15
1433 16
1434 21
1435 23
1436 26
1437 25
1438 23
1439 21
1440 18
1441 19
1442 25
1443 23
1444 25
1445 20
1446 22
1447 20
1448 20
1449 19
1450 27
1451 24
1452 21
1453 24
1454 19
1455 24
1456 21
1457 19
1458 16
1459 22
1460 26
1461 24
1462 21
1463 21
1464 23
1465 22
1466 24
1467 26
1468 15
1469 21
1470 22
1471 22
1472 22
1473 22
1474 23
1475 21
1476 17
1477 20
1478 25
1479 24
1480 25
1481 21
1482 16
1483 24
1484 23
1485 22
1486 17
1487 21
1488 18
1489 22
1490 24
1491 22
1492 18
1493 21
1494 15
1495 22
1496 19
1497 26
1498 22
1499 16
1500 16
1501 30
1502 22
1503 28
1504 20
1505 22
1506 21
1507 25
1508 21
1509 20
1510 26
1511 21
1512 16
1513 17
1514 18
1515 32
1516 23
1517 23
1518 24
1519 24
1520 16
1521 21
1522 20
1523 22
1524 24
1525 25
1526 10
1527 14
1528 18
1529 13
1530 11
1531 20
1532 16
1533 18
1534 24
1535 25
1536 26
1537 27
1538 23
1539 23
1540 24
1541 25
1542 22
1543 18
1544 16
1545 25
1546 15
1547 20
1548 26
1549 21
1550 25
1551 24
1552 20
1553 25
1554 17
1555 22
1556 23
1557 21
1558 23
1559 21
1560 27
1561 21
1562 14
1563 27
1564 24
1565 27
1566 25
1567 20
1568 25
1569 23
1570 22
1571 21
1572 23
1573 24
1574 17
1575 13
1576 12
1577 14
1578 29
1579 23
1580 24
1581 25
1582 22
1583 23
1584 24
1585 17
1586 23
1587 21
1588 21
1589 24
1590 17
1591 21
1592 12
1593 24
1594 21
1595 22
1596 23
1597 21
1598 23
1599 19
1600 23
1601 16
1602 22
1603 23
1604 26
1605 31
1606 26
1607 20
1608 15
1609 18
1610 24
1611 13
1612 23
1613 21
1614 22
1615 21
1616 22
1617 20
1618 17
1619 15
1620 16
1621 25
1622 11
1623 10
1624 12
1625 22
1626 25
1627 20
1628 27
1629 25
1630 22
1631 24
1632 35
1633 20
1634 24
1635 18
1636 19
1637 18
1638 16
1639 14
1640 28
1641 16
1642 23
1643 21
1644 21
1645 19
1646 17
1647 16
1648 25
1649 21
1650 21
1651 24
1652 23
1653 28
1654 16
1655 19
1656 19
1657 22
1658 22
1659 22
1660 16
1661 22
1662 25
1663 23
1664 21
1665 17
1666 21
1667 22
1668 25
1669 25
1670 20
1671 16
1672 9
1673 11
1674 14
1675 23
1676 24
1677 26
1678 24
1679 25
1680 18
1681 22
1682 18
1683 19
1684 21
1685 22
1686 19
1687 22
1688 17
1689 23
1690 20
1691 25
1692 21
1693 24
1694 29
1695 20
1696 21
1697 16
1698 25
1699 22
1700 8
1701 19
1702 17
1703 26
1704 22
1705 15
1706 19
1707 20
1708 21
1709 22
1710 20
1711 25
1712 15
1713 18
1714 19
1715 27
1716 23
1717 21
1718 23
1719 18
1720 22
1721 22
1722 18
1723 19
1724 22
1725 21
1726 21
1727 22
1728 23
1729 27
1730 26
1731 25
1732 21
1733 26
1734 20
1735 12
1736 25
1737 18
1738 15
1739 21
1740 20
1741 22
1742 21
1743 17
1744 19
1745 20
1746 24
1747 18
1748 17
1749 18
1750 21
1751 20
1752 30
1753 16
1754 24
1755 26
1756 26
1757 23
1758 20
1759 24
1760 16
1761 17
1762 26
1763 26
1764 21
1765 23
1766 19
1767 21
1768 20
1769 27
1770 26
1771 24
1772 22
1773 27
1774 18
1775 19
1776 21
1777 20
1778 25
1779 18
1780 24
1781 24
1782 23
1783 29
1784 23
1785 25
1786 23
1787 26
1788 14
1789 16
1790 21
1791 25
1792 11
1793 30
1794 24
1795 24
1796 28
1797 22
1798 24
1799 28
1800 29
1801 23
1802 23
1803 24
1804 23
1805 23
1806 22
1807 25
1808 23
1809 23
1810 22
1811 24
1812 27
1813 22
1814 27
1815 28
1816 24
1817 26
1818 23
1819 24
1820 23
1821 25
1822 25
1823 26
1824 22
1825 21
1826 26
1827 24
1828 25
1829 21
1830 25
1831 25
1832 17
1833 20
1834 21
1835 20
1836 17
1837 25
1838 19
1839 26
1840 18
1841 15
1842 25
1843 20
1844 18
1845 22
1846 29
1847 20
1848 20
1849 23
1850 25
1851 27
1852 23
1853 24
1854 27
1855 20
1856 21
1857 23
1858 19
1859 22
1860 21
1861 23
1862 29
1863 24
1864 27
1865 29
1866 21
1867 13
1868 23
1869 22
1870 21
1871 15
1872 11
1873 18
1874 18
1875 9
1876 15
1877 19
1878 18
1879 21
1880 23
1881 19
1882 20
1883 16
1884 15
1885 22
1886 24
1887 19
1888 19
1889 18
1890 23
1891 22
1892 28
1893 27
1894 21
1895 21
1896 23
1897 20
1898 17
1899 23
1900 21
1901 17
1902 18
1903 17
1904 25
1905 26
1906 24
1907 19
1908 20
1909 22
1910 25
1911 19
1912 20
1913 13
1914 14
1915 17
1916 22
1917 22
1918 24
1919 19
1920 22
1921 22
1922 28
1923 21
1924 21
1925 18
1926 21
1927 22
1928 23
1929 25
1930 20
1931 21
1932 21
1933 24
1934 23
1935 27
1936 24
1937 18
1938 10
1939 17
1940 24
1941 25
1942 21
1943 20
1944 27
1945 20
1946 22
1947 21
1948 26
1949 21
1950 24
1951 22
1952 24
1953 21
1954 23
1955 19
1956 15
1957 17
1958 20
1959 19
1960 31
1961 25
1962 22
1963 16
1964 19
1965 23
1966 18
1967 29
1968 28
1969 20
1970 20
1971 20
1972 22
1973 21
1974 20
1975 21
1976 13
1977 12
1978 17
1979 20
1980 26
1981 23
1982 25
1983 19
1984 21
1985 25
1986 22
1987 26
1988 31
1989 20
1990 21
1991 26
1992 14
1993 20
1994 19
1995 12
1996 19
1997 26
1998 24
1999 25
2000 18
2001 20
2002 23
2003 27
2004 23
2005 24
2006 25
2007 23
2008 24
2009 18
2010 21
2011 25
2012 19
2013 24
2014 29
2015 25
2016 26
2017 27
2018 19
2019 15
2020 22
2021 23
2022 21
2023 23
2024 21
2025 17
2026 19
2027 15
2028 14
2029 24
2030 20
2031 22
2032 13
2033 21
2034 22
2035 16
2036 23
2037 24
2038 18
2039 15
2040 24
2041 21
2042 23
2043 18
2044 24
2045 25
2046 26
2047 26
2048 21
2049 19
2050 19
2051 18
2052 19
2053 20
2054 19
2055 21
2056 19
2057 12
2058 23
2059 21
2060 22
2061 23
2062 17
2063 24
2064 22
2065 19
2066 24
2067 24
2068 24
2069 22
2070 17
2071 21
2072 27
2073 19
2074 24
2075 26
2076 26
2077 19
2078 22
2079 25
2080 21
2081 20
2082 22
2083 22
2084 20
2085 16
2086 22
2087 15
2088 20
2089 16
2090 23
2091 24
2092 22
2093 19
2094 19
2095 22
2096 16
2097 21
2098 21
2099 27
2100 24
2101 25
2102 24
2103 28
2104 19
2105 23
2106 22
2107 16
2108 14
2109 21
2110 22
2111 20
2112 26
2113 23
2114 18
2115 21
2116 20
2117 17
2118 18
2119 23
2120 23
2121 14
2122 23
2123 19
2124 18
2125 25
2126 24
2127 24
2128 20
2129 24
2130 27
2131 26
2132 23
2133 25
2134 21
2135 20
2136 28
2137 19
2138 17
2139 15
2140 18
2141 19
2142 16
2143 19
2144 28
2145 25
2146 28
2147 23
2148 26
2149 17
2150 20
2151 13
2152 23
2153 18
2154 20
2155 27
2156 17
2157 19
2158 26
2159 20
2160 27
2161 26
2162 25
2163 19
2164 30
2165 24
2166 20
2167 29
2168 21
2169 19
2170 19
2171 22
2172 21
2173 21
2174 19
2175 27
2176 24
2177 23
2178 19
2179 17
2180 11
2181 9
2182 19
2183 20
2184 19
2185 21
2186 22
2187 28
2188 25
2189 25
2190 20
2191 21
2192 26
2193 23
2194 24
2195 24
2196 29
2197 26
2198 21
2199 18
2200 21
2201 21
2202 20
2203 23
2204 25
2205 10
2206 3
2207 1
2208 7
2209 13
2210 19
2211 26
2212 26
2213 16
2214 13
2215 16
2216 26
2217 26
2218 24
2219 22
2220 21
2221 20
2222 23
2223 22
2224 22
2225 22
2226 28
2227 23
2228 18
2229 22
2230 24
2231 27
2232 24
2233 25
2234 29
2235 28
2236 21
2237 21
2238 20
2239 4
2240 15
2241 17
2242 19
2243 20
2244 25
2245 28
2246 20
2247 19
2248 23
2249 29
2250 26
2251 26
2252 25
2253 23
2254 18
2255 19
2256 25
2257 28
2258 25
2259 28
2260 19
2261 18
2262 16
2263 21
2264 26
2265 23
2266 19
2267 23
2268 28
2269 23
2270 24
2271 29
2272 30
2273 22
2274 25
2275 26
2276 24
2277 25
2278 22
2279 25
2280 26
2281 24
2282 24
2283 27
2284 19
2285 23
2286 26
2287 25
2288 20
2289 23
2290 23
2291 13
2292 14
2293 16
2294 28
2295 26
2296 29
2297 24
2298 20
2299 24
2300 19
2301 12
2302 19
2303 26
2304 20
2305 14
2306 18
2307 29
2308 20
2309 22
2310 24
2311 24
2312 24
2313 19
2314 21
2315 19
2316 21
2317 26
2318 16
2319 15
2320 19
2321 18
2322 23
2323 22
2324 8
2325 28
2326 23
2327 28
2328 22
2329 24
2330 23
2331 20
2332 19
2333 18
2334 20
2335 20
2336 19
2337 23
2338 16
2339 9
2340 5
2341 10
2342 14
2343 21
2344 19
2345 26
2346 27
2347 20
2348 23
2349 20
2350 19
2351 12
2352 23
2353 25
2354 23
2355 23
2356 15
2357 24
2358 26
2359 28
2360 26
2361 22
2362 24
2363 19
2364 15
2365 21
2366 13
2367 15
2368 18
2369 15
2370 23
2371 26
2372 25
2373 17
2374 22
2375 20
2376 23
2377 27
2378 22
2379 26
2380 19
2381 22
2382 21
2383 25
2384 20
2385 21
2386 20
2387 24
2388 22
2389 28
2390 30
2391 21
2392 24
2393 26
2394 23
2395 23
2396 31
2397 20
2398 24
2399 19
2400 15
2401 20
2402 15
2403 23
2404 23
2405 21
2406 18
2407 19
2408 16
2409 17
2410 19
2411 17
2412 19
2413 28
2414 21
2415 21
2416 24
2417 26
2418 23
2419 18
2420 26
2421 24
2422 26
2423 21
2424 26
2425 17
2426 15
2427 20
2428 34
2429 21
2430 22
2431 26
2432 27
2433 24
2434 20
2435 26
2436 23
2437 23
2438 20
2439 22
2440 25
2441 21
2442 21
2443 26
2444 21
2445 16
2446 20
2447 15
2448 22
2449 20
2450 31
2451 21
2452 21
2453 11
2454 19
2455 17
2456 20
2457 20
2458 15
2459 19
2460 20
2461 25
2462 20
2463 18
2464 14
2465 21
2466 25
2467 28
2468 23
2469 20
2470 17
2471 19
2472 22
2473 23
2474 25
2475 16
2476 12
2477 23
2478 16
2479 21
2480 14
2481 31
2482 24
2483 27
2484 27
2485 24
2486 23
2487 27
2488 21
2489 26
2490 22
2491 21
2492 20
2493 19
2494 18
2495 16
2496 19
2497 24
2498 25
2499 32
2500 28
2501 16
2502 3
2503 0
2504 10
2505 16
2506 19
2507 24
2508 24
2509 20
2510 25
2511 22
2512 21
2513 23
2514 17
2515 29
2516 35
2517 20
2518 25
2519 28
2520 25
2521 27
2522 22
2523 20
2524 22
2525 23
2526 16
2527 25
2528 27
2529 26
2530 25
2531 28
2532 21
2533 18
2534 16
2535 25
2536 22
2537 20
2538 24
2539 21
2540 22
2541 18
2542 19
2543 26
2544 25
2545 16
2546 24
2547 17
2548 14
2549 19
2550 24
2551 22
2552 22
2553 19
2554 20
2555 19
2556 12
2557 20
2558 25
2559 27
2560 17
2561 21
2562 22
2563 20
2564 22
2565 24
2566 21
2567 22
2568 26
2569 23
2570 14
2571 31
2572 21
2573 22
2574 25
2575 24
2576 21
2577 25
2578 24
2579 26
2580 21
2581 26
2582 19
2583 21
2584 27
2585 17
2586 16
2587 18
2588 21
2589 18
2590 17
2591 20
2592 21
2593 21
2594 26
2595 11
2596 21
2597 22
2598 24
2599 20
2600 20
2601 18
2602 23
2603 25
2604 19
2605 22
2606 21
2607 34
2608 26
2609 25
2610 22
2611 22
2612 30
2613 21
2614 16
2615 23
2616 21
2617 30
2618 30
2619 20
2620 16
2621 18
2622 28
2623 24
2624 18
2625 15
2626 22
2627 21
2628 14
2629 5
2630 20
2631 23
2632 26
2633 28
2634 24
2635 16
2636 17
2637 21
2638 30
2639 24
2640 26
2641 27
2642 26
2643 20
2644 24
2645 20
2646 24
2647 26
2648 27
2649 24
2650 22
2651 22
2652 23
2653 26
2654 27
2655 22
2656 18
2657 27
2658 23
2659 19
2660 27
2661 18
2662 22
2663 20
2664 20
2665 28
2666 20
2667 15
2668 30
2669 20
2670 22
2671 19
2672 16
2673 22
2674 18
2675 19
2676 20
2677 22
2678 28
2679 24
2680 21
2681 21
2682 28
2683 25
2684 24
2685 16
2686 19
2687 26
2688 30
2689 28
2690 25
2691 23
2692 21
2693 23
2694 27
2695 21
2696 20
2697 24
2698 18
2699 22
2700 24
2701 21
2702 26
2703 23
2704 22
2705 21
2706 20
2707 27
2708 24
2709 23
2710 23
2711 19
2712 23
2713 23
2714 20
2715 21
2716 17
2717 18
2718 25
2719 22
2720 19
2721 20
2722 21
2723 25
2724 33
2725 29
2726 24
2727 20
2728 22
2729 15
2730 19
2731 23
2732 21
2733 19
2734 19
2735 21
2736 24
2737 25
2738 22
2739 29
2740 23
2741 23
2742 21
2743 15
2744 17
2745 26
2746 23
2747 22
2748 25
2749 31
2750 28
2751 25
2752 24
2753 25
2754 20
2755 23
2756 27
2757 23
2758 22
2759 24
2760 25
2761 23
2762 18
2763 21
2764 21
2765 24
2766 13
2767 28
2768 26
2769 22
2770 21
2771 22
2772 21
2773 25
2774 21
2775 17
2776 18
2777 21
2778 23
2779 25
2780 15
2781 23
2782 21
2783 24
2784 22
2785 24
2786 20
2787 23
2788 17
2789 20
2790 25
2791 23
2792 19
2793 21
2794 27
2795 29
2796 25
2797 16
2798 24
2799 27
2800 20
2801 24
2802 26
2803 22
2804 20
2805 11
2806 16
2807 17
2808 20
2809 17
2810 22
2811 25
2812 23
2813 19
2814 22
2815 23
2816 24
2817 26
2818 20
2819 26
2820 21
2821 18
2822 17
2823 16
2824 21
2825 24
2826 22
2827 10
2828 19
2829 21
2830 24
2831 12
2832 15
2833 17
2834 21
2835 21
2836 16
2837 19
2838 18
2839 15
2840 21
2841 17
2842 21
2843 22
2844 19
2845 24
2846 24
2847 23
2848 21
2849 25
2850 22
2851 22
2852 21
2853 22
2854 23
2855 24
2856 20
2857 21
2858 20
2859 23
2860 31
2861 29
2862 21
2863 25
2864 17
2865 21
2866 26
2867 22
2868 24
2869 22
2870 21
2871 20
2872 19
2873 20
2874 24
2875 24
2876 19
2877 22
2878 26
2879 21
2880 15
2881 29
2882 25
2883 18
2884 26
2885 16
2886 23
2887 25
2888 15
2889 25
2890 20
2891 23
2892 19
2893 23
2894 29
2895 20
2896 18
2897 20
2898 22
2899 28
2900 23
2901 21
2902 24
2903 22
2904 29
2905 21
2906 25
2907 24
2908 26
2909 24
2910 25
2911 18
2912 23
2913 28
2914 22
2915 18
2916 27
2917 26
2918 24
2919 22
2920 23
2921 23
2922 20
2923 19
2924 16
2925 31
2926 23
2927 25
2928 11
2929 24
2930 26
2931 22
2932 29
2933 26
2934 25
2935 26
2936 24
2937 23
2938 16
2939 18
2940 19
2941 19
2942 24
2943 23
2944 23
2945 21
2946 22
2947 20
2948 17
2949 19
2950 23
2951 23
2952 25
2953 25
2954 18
2955 17
2956 20
2957 22
2958 26
2959 20
2960 24
2961 25
2962 32
2963 17
2964 22
2965 28
2966 23
2967 24
2968 23
2969 22
2970 22
2971 26
2972 24
2973 21
2974 25
2975 25
2976 21
2977 19
2978 22
2979 21
2980 23
2981 25
2982 20
2983 22
2984 24
2985 23
2986 20
2987 23
2988 29
2989 23
2990 24
2991 24
2992 25
2993 24
2994 21
2995 25
2996 20
2997 22
2998 21
2999 22
3000 19
3001 14
3002 22
3003 29
3004 12
3005 15
3006 23
3007 22
3008 27
3009 25
3010 28
3011 25
3012 25
3013 24
3014 31
3015 28
3016 23
3017 15
3018 21
3019 18
3020 25
3021 24
3022 25
3023 27
3024 19
3025 21
3026 25
3027 19
3028 16
3029 24
3030 25
3031 22
3032 26
3033 21
3034 17
3035 23
3036 15
3037 20
3038 28
3039 22
3040 17
3041 21
3042 24
3043 28
3044 19
3045 25
3046 28
3047 19
3048 20
3049 18
3050 25
3051 30
3052 25
3053 22
3054 26
3055 23
3056 21
3057 22
3058 22
3059 28
3060 24
3061 24
3062 21
3063 27
3064 31
3065 20
3066 19
3067 25
3068 20
3069 21
3070 22
3071 20
3072 22
3073 15
3074 17
3075 23
3076 24
3077 20
3078 19
3079 18
3080 20
3081 19
3082 21
3083 21
3084 17
3085 25
3086 21
3087 23
3088 21
3089 24
3090 21
3091 22
3092 19
3093 20
3094 19
3095 20
3096 20
3097 19
3098 18
3099 19
3100 23
3101 22
3102 19
3103 28
3104 18
3105 26
3106 23
3107 24
3108 19
3109 16
3110 18
3111 23
3112 22
3113 29
3114 18
3115 26
3116 22
3117 25
3118 25
3119 28
3120 34
3121 26
3122 17
3123 25
3124 28
3125 24
3126 21
3127 19
3128 21
3129 23
3130 23
3131 22
3132 20
3133 19
3134 20
3135 21
3136 23
3137 30
3138 23
3139 19
3140 22
3141 28
3142 21
3143 22
3144 19
3145 21
3146 19
3147 23
3148 20
3149 24
3150 24
3151 22
3152 20
3153 26
3154 22
3155 26
3156 25
3157 23
3158 20
3159 23
3160 16
3161 22
3162 30
3163 20
3164 25
3165 19
3166 17
3167 21
3168 22
3169 14
3170 9
3171 21
3172 21
3173 21
3174 27
3175 26
3176 29
3177 20
3178 20
3179 20
3180 25
3181 28
3182 25
3183 24
3184 20
3185 22
3186 14
3187 12
3188 8
3189 27
3190 23
3191 19
3192 17
3193 23
3194 21
3195 16
3196 24
3197 24
3198 18
3199 21
3200 12
3201 11
3202 7
3203 12
3204 23
3205 24
3206 14
3207 24
3208 24
3209 26
3210 24
3211 13
3212 23
3213 30
3214 23
3215 23
3216 23
3217 20
3218 18
3219 29
3220 25
3221 20
3222 21
3223 23
3224 14
3225 20
3226 26
3227 22
3228 25
3229 22
3230 23
3231 19
3232 22
3233 19
3234 19
3235 24
3236 25
3237 24
3238 21
3239 22
3240 22
3241 24
3242 17
3243 23
3244 21
3245 21
3246 15
3247 26
3248 17
3249 24
3250 22
3251 21
3252 22
3253 19
3254 17
3255 20
3256 24
3257 22
3258 23
3259 15
3260 17
3261 23
3262 26
3263 24
3264 24
3265 25
3266 20
3267 21
3268 19
3269 23
3270 22
3271 21
3272 23
3273 20
3274 11
3275 13
3276 14
3277 20
3278 21
3279 19
3280 27
3281 22
3282 21
3283 20
3284 17
3285 20
3286 25
3287 23
3288 21
3289 20
3290 28
3291 24
3292 22
3293 23
3294 16
3295 20
3296 19
3297 18
3298 29
3299 17
3300 15
3301 22
3302 22
3303 23
3304 22
3305 23
3306 20
3307 25
3308 24
3309 21
3310 25
3311 20
3312 24
3313 18
3314 20
3315 23
3316 27
3317 23
3318 21
3319 27
3320 22
3321 22
3322 23
3323 23
3324 22
3325 23
3326 23
3327 16
3328 25
3329 26
3330 25
3331 15
3332 17
3333 22
3334 21
3335 22
3336 19
3337 26
3338 27
3339 23
3340 24
3341 25
3342 26
3343 20
3344 16
3345 22
3346 22
3347 24
3348 17
3349 21
3350 21
3351 17
3352 17
3353 14
3354 24
3355 22
3356 20
3357 22
3358 19
3359 27
3360 23
3361 21
3362 27
3363 26
3364 24
3365 22
3366 21
3367 20
3368 20
3369 17
3370 24
3371 22
3372 29
3373 22
3374 22
3375 21
3376 20
3377 20
3378 30
3379 25
3380 20
3381 24
3382 24
3383 30
3384 25
3385 24
3386 22
3387 15
3388 23
3389 29
3390 25
3391 22
3392 22
3393 11
3394 5
3395 22
3396 23
3397 25
3398 20
3399 18
3400 25
3401 19
3402 19
3403 21
3404 17
3405 18
3406 22
3407 26
3408 20
3409 23
3410 22
3411 18
3412 31
3413 28
3414 18
3415 17
3416 25
3417 23
3418 23
3419 24
3420 22
3421 26
3422 19
3423 21
3424 21
3425 22
3426 14
3427 24
3428 23
3429 23
3430 20
3431 25
3432 20
3433 31
3434 27
3435 26
3436 20
3437 19
3438 23
3439 23
3440 20
3441 19
3442 17
3443 21
3444 27
3445 23
3446 19
3447 25
3448 27
3449 26
3450 15
3451 24
3452 22
3453 24
3454 21
3455 24
3456 23
3457 23
3458 27
3459 19
3460 16
3461 23
3462 27
3463 25
3464 22
3465 21
3466 20
3467 16
3468 20
3469 27
3470 17
3471 20
3472 25
3473 20
3474 25
3475 19
3476 26
3477 21
3478 22
3479 25
3480 23
3481 14
3482 10
3483 25
3484 21
3485 25
3486 23
3487 20
3488 17
3489 21
3490 29
3491 28
3492 27
3493 19
3494 20
3495 26
3496 19
3497 21
3498 22
3499 26
3500 25
3501 22
3502 23
3503 30
3504 23
3505 19
3506 25
3507 23
3508 26
3509 27
3510 22
3511 23
3512 26
3513 22
3514 24
3515 19
3516 17
3517 23
3518 20
3519 20
3520 24
3521 21
3522 19
3523 22
3524 21
3525 22
3526 22
3527 19
3528 24
3529 16
3530 22
3531 24
3532 23
3533 21
3534 24
3535 23
3536 23
3537 25
3538 19
3539 12
3540 22
3541 23
3542 23
3543 28
3544 22
3545 28
3546 25
3547 20
3548 25
3549 20
3550 12
3551 8
3552 25
3553 24
3554 24
3555 24
3556 22
3557 19
3558 24
3559 18
3560 23
3561 37
3562 19
3563 20
3564 22
3565 24
3566 28
3567 25
3568 20
3569 18
3570 18
3571 13
3572 19
3573 22
3574 24
3575 25
3576 24
3577 23
3578 21
3579 21
3580 20
3581 19
3582 19
3583 26
3584 19
3585 20
3586 24
3587 23
3588 20
3589 21
3590 14
3591 13
3592 24
3593 24
3594 17
3595 25
3596 26
3597 27
3598 27
3599 20
3600 22
3601 15
3602 23
3603 21
3604 26
3605 25
3606 24
3607 26
3608 21
3609 25
3610 21
3611 22
3612 20
3613 25
3614 27
3615 18
3616 16
3617 23
3618 23
3619 24
3620 18
3621 20
3622 19
3623 18
3624 19
3625 18
3626 16
3627 25
3628 18
3629 22
3630 26
3631 22
3632 25
3633 17
3634 16
3635 20
3636 20
3637 21
3638 26
3639 18
3640 24
3641 26
3642 17
3643 16
3644 27
3645 24
3646 13
3647 22
3648 27
3649 19
3650 22
3651 21
3652 22
3653 14
3654 10
3655 21
3656 20
3657 36
3658 25
3659 24
3660 18
3661 20
3662 22
3663 25
3664 25
3665 20
3666 25
3667 21
3668 22
3669 26
3670 26
3671 24
3672 28
3673 22
3674 21
3675 14
3676 12
3677 23
3678 28
3679 27
3680 28
3681 23
3682 24
3683 23
3684 20
3685 31
3686 18
3687 22
3688 22
3689 22
3690 14
3691 17
3692 23
3693 23
3694 22
3695 14
3696 14
3697 27
3698 23
3699 19
3700 21
3701 27
3702 21
3703 23
3704 25
3705 19
3706 20
3707 25
3708 25
3709 23
3710 26
3711 28
3712 22
3713 20
3714 25
3715 23
3716 22
3717 21
3718 26
3719 22
3720 21
3721 19
3722 17
3723 20
3724 18
3725 20
3726 24
3727 20
3728 17
3729 16
3730 9
3731 21
3732 23
3733 17
3734 20
3735 14
3736 8
3737 23
3738 22
3739 22
3740 19
3741 18
3742 24
3743 18
3744 19
3745 17
3746 20
3747 19
3748 22
3749 22
3750 27
3751 25
3752 25
3753 20
3754 26
3755 13
3756 20
3757 26
3758 21
3759 24
3760 28
3761 20
3762 23
3763 23
3764 26
3765 20
3766 25
3767 18
3768 27
3769 22
3770 23
3771 31
3772 26
3773 24
3774 28
3775 20
3776 26
3777 27
3778 23
3779 25
3780 19
3781 21
3782 19
3783 25
3784 27
3785 22
3786 18
3787 23
3788 14
3789 25
3790 24
3791 19
3792 19
3793 30
3794 23
3795 24
3796 24
3797 25
3798 20
3799 24
3800 24
3801 20
3802 17
3803 13
3804 17
3805 22
3806 23
3807 24
3808 19
3809 22
3810 21
3811 23
3812 21
3813 26
3814 24
3815 21
3816 20
3817 17
3818 24
3819 21
3820 23
3821 25
3822 21
3823 15
3824 24
3825 14
3826 21
3827 26
3828 19
3829 19
3830 20
3831 16
3832 18
3833 19
3834 21
3835 23
3836 19
3837 22
3838 23
3839 22
3840 15
3841 19
3842 20
3843 19
3844 19
3845 14
3846 20
3847 26
3848 25
3849 24
3850 25
3851 20
3852 19
3853 18
3854 21
3855 24
3856 23
3857 22
3858 24
3859 16
3860 22
3861 23
3862 19
3863 18
3864 14
3865 23
3866 27
3867 22
3868 26
3869 19
3870 19
3871 24
3872 22
3873 23
3874 20
3875 24
3876 20
3877 18
3878 20
3879 19
3880 21
3881 18
3882 21
3883 23
3884 16
3885 20
3886 30
3887 29
3888 24
3889 15
3890 21
3891 30
3892 27
3893 14
3894 23
3895 19
3896 18
3897 20
3898 19
3899 20
3900 21
3901 20
3902 31
3903 24
3904 25
3905 24
3906 16
3907 23
3908 19
3909 28
3910 19
3911 18
3912 23
3913 27
3914 28
3915 19
3916 21
3917 20
3918 18
3919 20
3920 21
3921 15
3922 13
3923 23
3924 15
3925 28
3926 24
3927 25
3928 25
3929 21
3930 24
3931 16
3932 23
3933 29
3934 20
3935 19
3936 19
3937 23
3938 22
3939 20
3940 21
3941 23
3942 18
3943 20
3944 25
3945 21
3946 20
3947 16
3948 20
3949 21
3950 25
3951 20
3952 22
3953 21
3954 21
3955 13
3956 19
3957 18
3958 16
3959 21
3960 17
3961 6
3962 22
3963 25
3964 13
3965 20
3966 20
3967 19
3968 22
3969 26
3970 28
3971 25
3972 26
3973 23
3974 22
3975 19
3976 18
3977 24
3978 26
3979 27
3980 21
3981 22
3982 24
3983 21
3984 23
3985 26
3986 25
3987 23
3988 20
3989 17
3990 15
3991 14
3992 24
3993 17
3994 15
3995 26
3996 21
3997 18
3998 20
3999 29
4000 20
4001 23
4002 22
4003 22
4004 22
4005 21
4006 19
4007 22
4008 17
4009 22
4010 21
4011 19
4012 18
4013 23
4014 24
4015 18
4016 27
4017 22
4018 26
4019 24
4020 27
4021 24
4022 16
4023 26
4024 20
4025 23
4026 20
4027 20
4028 22
4029 22
4030 24
4031 29
4032 30
4033 20
4034 17
4035 26
4036 18
4037 21
4038 20
4039 24
4040 26
4041 18
4042 23
4043 27
4044 24
4045 15
4046 20
4047 26
4048 24
4049 18
4050 25
4051 20
4052 24
4053 22
4054 20
4055 28
4056 25
4057 30
4058 20
4059 23
4060 25
4061 25
4062 22
4063 22
4064 21
4065 19
4066 28
4067 23
4068 21
4069 17
4070 24
4071 23
4072 32
4073 23
4074 22
4075 21
4076 24
4077 37
4078 21
4079 23
4080 27
4081 19
4082 20
4083 18
4084 17
4085 22
4086 20
4087 23
4088 25
4089 27
4090 24
4091 23
4092 22
4093 20
4094 24
4095 24
4096 24
4097 26
4098 27
4099 24
4100 23
4101 21
4102 21
4103 24
4104 20
4105 22
4106 21
4107 24
4108 27
4109 24
4110 26
4111 29
4112 30
4113 29
4114 29
4115 23
4116 22
4117 25
4118 22
4119 19
4120 24
4121 28
4122 22
4123 22
4124 23
4125 20
4126 21
4127 20
4128 22
4129 29
4130 27
4131 15
4132 26
4133 23
4134 29
4135 26
4136 23
4137 22
4138 16
4139 18
4140 25
4141 31
4142 21
4143 17
4144 21
4145 21
4146 25
4147 19
4148 17
4149 19
4150 24
4151 18
4152 24
4153 23
4154 13
4155 18
4156 19
4157 29
4158 23
4159 19
4160 21
4161 26
4162 17
4163 20
4164 16
4165 21
4166 17
4167 16
4168 13
4169 22
4170 24
4171 23
4172 23
4173 18
4174 18
4175 17
4176 24
4177 21
4178 14
4179 21
4180 22
4181 19
4182 19
4183 19
4184 18
4185 18
4186 19
4187 20
4188 20
4189 17
4190 21
4191 22
4192 23
4193 19
4194 21
4195 17
4196 6
4197 9
4198 17
4199 20
4200 23
4201 30
4202 19
4203 18
4204 22
4205 21
4206 22
4207 29
4208 15
4209 25
4210 20
4211 19
4212 18
4213 19
4214 25
4215 26
4216 22
4217 20
4218 23
4219 28
4220 20
4221 18
4222 21
4223 22
4224 16
4225 18
4226 24
4227 21
4228 27
4229 27
4230 20
4231 24
4232 29
4233 22
4234 25
4235 20
4236 21
4237 22
4238 24
4239 16
4240 16
4241 20
4242 21
4243 19
4244 23
4245 19
4246 20
4247 21
4248 18
4249 23
4250 22
4251 29
4252 28
4253 23
4254 23
4255 28
4256 26
4257 24
4258 22
4259 21
4260 23
4261 16
4262 18
4263 27
4264 26
4265 21
4266 26
4267 35
4268 22
4269 23
4270 22
4271 21
4272 20
4273 16
4274 22
4275 27
4276 22
4277 36
4278 26
4279 21
4280 18
4281 19
4282 20
4283 22
4284 23
4285 23
4286 27
4287 27
4288 29
4289 20
4290 21
4291 24
4292 20
4293 25
4294 19
4295 22
4296 20
4297 26
4298 23
4299 27
4300 22
4301 26
4302 25
4303 26
4304 31
4305 26
4306 22
4307 21
4308 24
4309 24
4310 24
4311 27
4312 26
4313 24
4314 22
4315 20
4316 30
4317 21
4318 19
4319 19
4320 19
4321 16
4322 24
4323 12
4324 13
4325 19
4326 19
4327 25
4328 14
4329 14
4330 27
4331 19
4332 23
4333 30
4334 27
4335 23
4336 26
4337 17
4338 21
4339 22
4340 17
4341 14
4342 20
4343 17
4344 26
4345 19
4346 18
4347 26
4348 23
4349 20
4350 30
4351 22
4352 27
4353 19
4354 23
4355 20
4356 22
4357 22
4358 20
4359 11
4360 18
4361 14
4362 11
4363 16
4364 24
4365 23
4366 20
4367 18
4368 18
4369 21
4370 21
4371 27
4372 18
4373 21
4374 18
4375 20
4376 22
4377 13
4378 15
4379 20
4380 20
4381 28
4382 22
4383 29
4384 26
4385 22
4386 23
4387 24
4388 24
4389 26
4390 33
4391 28
4392 21
4393 22
4394 22
4395 18
4396 27
4397 25
4398 25
4399 25
4400 25
4401 17
4402 23
4403 22
4404 17
4405 20
4406 20
4407 19
4408 25
4409 23
4410 26
4411 29
4412 18
4413 19
4414 22
4415 24
4416 23
4417 24
4418 28
4419 28
4420 19
4421 22
4422 25
4423 19
4424 25
4425 26
4426 20
4427 25
4428 26
4429 19
4430 16
4431 25
4432 24
4433 25
4434 26
4435 21
4436 21
4437 21
4438 26
4439 24
4440 20
4441 25
4442 22
4443 20
4444 21
4445 19
4446 24
4447 31
4448 23
4449 24
4450 20
4451 21
4452 22
4453 20
4454 28
4455 27
4456 23
4457 22
4458 26
4459 22
4460 27
4461 23
4462 19
4463 22
4464 25
4465 22
4466 23
4467 21
4468 25
4469 25
4470 28
4471 22
4472 22
4473 28
4474 27
4475 25
4476 11
4477 24
4478 24
4479 23
4480 21
4481 24
4482 24
4483 22
4484 23
4485 27
4486 22
4487 25
4488 20
4489 21
4490 21
4491 14
4492 20
4493 25
4494 15
4495 19
4496 29
4497 20
4498 29
4499 22
4500 30
4501 27
4502 27
4503 21
4504 25
4505 19
4506 20
4507 22
4508 23
4509 19
4510 21
4511 21
4512 19
4513 16
4514 21
4515 22
4516 30
4517 19
4518 21
4519 26
4520 23
4521 23
4522 19
4523 22
4524 21
4525 23
4526 24
4527 17
4528 20
4529 30
4530 25
4531 24
4532 20
4533 26
4534 23
4535 21
4536 22
4537 24
4538 26
4539 24
4540 25
4541 12
4542 15
4543 20
4544 23
4545 22
4546 24
4547 22
4548 26
4549 24
4550 25
4551 24
4552 20
4553 22
4554 26
4555 25
4556 18
4557 24
4558 20
4559 19
4560 20
4561 23
4562 25
4563 22
4564 21
4565 26
4566 31
4567 21
4568 16
4569 22
4570 22
4571 16
4572 23
4573 24
4574 19
4575 14
4576 18
4577 20
4578 21
4579 22
4580 23
4581 14
4582 15
4583 18
4584 27
4585 24
4586 22
4587 29
4588 25
4589 27
4590 18
4591 21
4592 12
4593 13
4594 16
4595 21
4596 23
4597 21
4598 23
4599 24
4600 18
4601 17
4602 10
4603 25
4604 21
4605 27
4606 22
4607 20
4608 15
4609 21
4610 20
4611 23
4612 26
4613 19
4614 13
4615 18
4616 20
4617 25
4618 21
4619 23
4620 22
4621 24
4622 29
4623 20
4624 24
4625 24
4626 22
4627 24
4628 22
4629 21
4630 22
4631 24
4632 20
4633 22
4634 21
4635 20
4636 19
4637 20
4638 19
4639 19
4640 20
4641 24
4642 19
4643 17
4644 20
4645 22
4646 21
4647 29
4648 27
4649 20
4650 15
4651 20
4652 17
4653 17
4654 21
4655 18
4656 16
4657 14
4658 19
4659 20
4660 21
4661 21
4662 21
4663 19
4664 17
4665 18
4666 20
4667 24
4668 25
4669 23
4670 22
4671 25
4672 20
4673 21
4674 20
4675 21
4676 18
4677 17
4678 19
4679 21
4680 20
4681 22
4682 23
4683 21
4684 20
4685 24
4686 28
4687 29
4688 22
4689 24
4690 25
4691 26
4692 22
4693 23
4694 18
4695 16
4696 18
4697 27
4698 21
4699 21
4700 25
4701 19
4702 23
4703 29
4704 25
4705 22
4706 25
4707 26
4708 18
4709 23
4710 31
4711 28
4712 23
4713 27
4714 23
4715 18
4716 13
4717 8
4718 25
4719 20
4720 25
4721 20
4722 19
4723 16
4724 15
4725 22
4726 22
4727 28
4728 26
4729 25
4730 25
4731 20
4732 27
4733 25
4734 24
4735 18
4736 16
4737 23
4738 17
4739 27
4740 34
4741 21
4742 22
4743 18
4744 16
4745 14
4746 16
4747 22
4748 22
4749 26
4750 22
4751 17
4752 24
4753 18
4754 18
4755 20
4756 22
4757 20
4758 22
4759 17
4760 20
4761 21
4762 22
4763 20
4764 22
4765 26
4766 24
4767 25
4768 20
4769 21
4770 25
4771 26
4772 26
4773 25
4774 28
4775 16
4776 19
4777 21
4778 18
4779 16
4780 21
4781 20
4782 18
4783 20
4784 23
4785 23
4786 19
4787 20
4788 19
4789 21
4790 22
4791 23
4792 24
4793 20
4794 24
4795 22
4796 22
4797 25
4798 22
4799 20
4800 21
4801 25
4802 27
4803 15
4804 21
4805 28
4806 19
4807 23
4808 25
4809 21
4810 20
4811 22
4812 18
4813 16
4814 25
4815 19
4816 23
4817 22
4818 22
4819 23
4820 24
4821 24
4822 22
4823 13
4824 24
4825 19
4826 25
4827 25
4828 30
4829 26
4830 24
4831 22
4832 17
4833 20
4834 24
4835 20
4836 28
4837 22
4838 27
4839 18
4840 27
4841 23
4842 27
4843 14
4844 18
4845 20
4846 21
4847 22
4848 24
4849 22
4850 23
4851 18
4852 21
4853 24
4854 21
4855 28
4856 26
4857 28
4858 19
4859 18
4860 17
4861 19
4862 23
4863 27
4864 23
4865 24
4866 23
4867 20
4868 21
4869 22
4870 21
4871 23
4872 26
4873 26
4874 16
4875 18
4876 22
4877 10
4878 15
4879 21
4880 23
4881 20
4882 23
4883 22
4884 21
4885 22
4886 19
4887 18
4888 23
4889 21
4890 21
4891 17
4892 23
4893 23
4894 22
4895 26
4896 25
4897 21
4898 25
4899 24
4900 22
4901 18
4902 22
4903 24
4904 21
4905 23
4906 20
4907 26
4908 24
4909 21
4910 20
4911 23
4912 19
4913 18
4914 27
4915 22
4916 24
4917 25
4918 22
4919 19
4920 25
4921 21
4922 21
4923 25
4924 19
4925 23
4926 25
4927 17
4928 20
4929 22
4930 20
4931 19
4932 23
4933 24
4934 26
4935 20
4936 25
4937 27
4938 24
4939 26
4940 25
4941 21
4942 18
4943 27
4944 24
4945 25
4946 20
4947 23
4948 26
4949 18
4950 19
4951 26
4952 25
4953 23
4954 24
4955 25
4956 25
4957 23
4958 20
4959 25
4960 22
4961 26
4962 27
4963 19
4964 26
4965 25
4966 24
4967 22
4968 21
4969 19
4970 19
4971 26
4972 17
4973 16
4974 24
4975 22
4976 21
4977 24
4978 24
4979 25
4980 28
4981 17
4982 22
4983 22
4984 19
4985 22
4986 24
4987 16
4988 17
4989 22
4990 25
4991 23
4992 26
4993 20
4994 18
4995 15
4996 19
4997 21
4998 23
4999 22
5000 25
5001 24
5002 20
5003 23
5004 30
5005 24
5006 27
5007 25
5008 19
5009 30
5010 22
5011 28
5012 20
5013 23
5014 25
5015 18
5016 19
5017 17
5018 20
5019 25
5020 19
5021 22
5022 25
5023 31
5024 20
5025 20
5026 17
5027 19
5028 23
5029 26
5030 23
5031 28
5032 22
5033 27
5034 18
5035 9
5036 10
5037 24
5038 30
5039 24
5040 29
5041 23
5042 23
5043 20
5044 25
5045 22
5046 21
5047 22
5048 20
5049 16
5050 17
5051 22
5052 19
5053 19
5054 22
5055 19
5056 20
5057 20
5058 22
5059 19
5060 23
5061 21
5062 25
5063 31
5064 22
5065 21
5066 28
5067 27
5068 20
5069 21
5070 19
5071 22
5072 24
5073 23
5074 18
5075 27
5076 23
5077 27
5078 26
5079 23
5080 26
5081 30
5082 22
5083 23
5084 23
5085 19
5086 26
5087 19
5088 24
5089 21
5090 17
5091 16
5092 20
5093 26
5094 23
5095 23
5096 21
5097 24
5098 28
5099 20
5100 21
5101 19
5102 24
5103 19
5104 23
5105 28
5106 20
5107 21
5108 24
5109 23
5110 19
5111 25
5112 26
5113 24
5114 25
5115 21
5116 24
5117 22
5118 19
5119 22
5120 21
5121 27
5122 15
5123 17
5124 13
5125 21
5126 21
5127 27
5128 27
5129 20
5130 21
5131 26
5132 26
5133 21
5134 24
5135 24
5136 22
5137 20
5138 21
5139 28
5140 23
5141 20
5142 21
5143 27
5144 26
5145 21
5146 28
5147 26
5148 22
5149 22
5150 22
5151 21
5152 22
5153 22
5154 26
5155 29
5156 24
5157 27
5158 21
5159 22
5160 20
5161 24
5162 22
5163 13
5164 18
5165 22
5166 32
5167 22
5168 18
5169 27
5170 25
5171 25
5172 24
5173 19
5174 17
5175 16
5176 19
5177 20
5178 21
5179 28
5180 23
5181 22
5182 20
5183 16
5184 17
5185 23
5186 13
5187 18
5188 11
5189 25
5190 22
5191 19
5192 18
5193 20
5194 18
5195 20
5196 25
5197 19
5198 22
5199 14
5200 18
5201 22
5202 17
5203 22
5204 26
5205 17
5206 26
5207 21
5208 17
5209 21
5210 29
5211 25
5212 30
5213 21
5214 24
5215 19
5216 18
5217 19
5218 27
5219 24
5220 21
5221 21
5222 21
5223 23
5224 23
5225 24
5226 24
5227 29
5228 23
5229 17
5230 30
5231 22
5232 23
5233 22
5234 23
5235 23
5236 21
5237 19
5238 23
5239 20
5240 22
5241 19
5242 30
5243 25
5244 23
5245 25
5246 28
5247 26
5248 24
5249 18
5250 24
5251 28
5252 24
5253 25
5254 20
5255 21
5256 16
5257 20
5258 19
5259 23
5260 23
5261 27
5262 21
5263 24
5264 19
5265 17
5266 24
5267 26
5268 25
5269 20
5270 23
5271 25
5272 14
5273 28
5274 27
5275 17
5276 16
5277 13
5278 17
5279 26
5280 25
5281 24
5282 23
5283 21
5284 24
5285 20
5286 19
5287 26
5288 22
5289 27
5290 24
5291 24
5292 28
5293 19
5294 23
5295 20
5296 20
5297 23
5298 18
5299 18
5300 20
5301 29
5302 27
5303 30
5304 20
5305 19
5306 21
5307 20
5308 23
5309 21
5310 21
5311 16
5312 21
5313 26
5314 31
5315 26
5316 26
5317 24
5318 23
5319 17
5320 16
5321 18
5322 30
5323 25
5324 23
5325 14
5326 17
5327 23
5328 23
5329 20
5330 25
5331 23
5332 14
5333 13
5334 18
5335 23
5336 22
5337 26
5338 25
5339 21
5340 22
5341 21
5342 17
5343 23
5344 24
5345 25
5346 24
5347 17
5348 22
5349 29
5350 31
5351 18
5352 22
5353 20
5354 24
5355 24
5356 24
5357 20
5358 19
5359 26
5360 23
5361 21
5362 21
5363 23
5364 22
5365 21
5366 19
5367 18
5368 17
5369 19
5370 17
5371 27
5372 24
5373 24
5374 23
5375 19
5376 17
5377 22
5378 17
5379 20
5380 32
5381 24
5382 25
5383 20
5384 21
5385 22
5386 23
5387 26
5388 21
5389 23
5390 24
5391 19
5392 25
5393 20
5394 21
5395 19
5396 22
5397 23
5398 22
5399 23
5400 29
5401 24
5402 18
5403 22
5404 18
5405 18
5406 23
5407 23
5408 24
5409 27
5410 17
5411 18
5412 16
5413 12
5414 13
5415 22
5416 20
5417 21
5418 23
5419 19
5420 17
5421 21
5422 28
5423 24
5424 13
5425 12
5426 18
5427 19
5428 23
5429 24
5430 23
5431 22
5432 20
5433 17
5434 21
5435 20
5436 15
5437 16
5438 19
5439 20
5440 19
5441 23
5442 18
5443 20
5444 23
5445 15
5446 20
5447 22
5448 24
5449 23
5450 26
5451 25
5452 26
5453 24
5454 28
5455 23
5456 24
5457 14
5458 23
5459 23
5460 19
5461 23
5462 23
5463 19
5464 27
5465 29
5466 20
5467 18
5468 24
5469 29
5470 24
5471 25
5472 20
5473 25
5474 23
5475 30
5476 18
5477 13
5478 21
5479 25
5480 23
5481 18
5482 31
5483 20
5484 24
5485 17
5486 19
5487 20
5488 22
5489 27
5490 20
5491 23
5492 20
5493 18
5494 10
5495 11
5496 19
5497 26
5498 23
5499 22
5500 20
5501 22
5502 18
5503 17
5504 16
5505 25
5506 26
5507 26
5508 20
5509 19
5510 16
5511 17
5512 21
5513 20
5514 27
5515 28
5516 24
5517 19
5518 23
5519 27
5520 28
5521 21
5522 24
5523 22
5524 21
5525 22
5526 21
5527 20
5528 17
5529 12
5530 11
5531 22
5532 22
5533 29
5534 27
5535 22
5536 29
5537 28
5538 20
5539 21
5540 22
5541 17
5542 22
5543 24
5544 19
5545 22
5546 25
5547 29
5548 26
5549 23
5550 29
5551 23
5552 27
5553 19
5554 24
5555 23
5556 22
5557 20
5558 21
5559 28
5560 20
5561 21
5562 23
5563 15
5564 23
5565 28
5566 16
5567 15
5568 23
5569 24
5570 19
5571 23
5572 19
5573 22
5574 22
5575 24
5576 21
5577 22
5578 17
5579 21
5580 26
5581 26
5582 20
5583 21
5584 18
5585 19
5586 20
5587 22
5588 22
5589 18
5590 26
5591 22
5592 20
5593 25
5594 27
5595 32
5596 26
5597 13
5598 17
5599 20
5600 18
5601 23
5602 15
5603 21
5604 22
5605 19
5606 20
5607 21
5608 22
5609 22
5610 19
5611 17
5612 17
5613 20
5614 17
5615 21
5616 20
5617 19
5618 19
5619 22
5620 21
5621 17
5622 23
5623 21
5624 22
5625 15
5626 20
5627 24
5628 25
5629 18
5630 24
5631 26
5632 17
5633 23
5634 29
5635 20
5636 27
5637 28
5638 20
5639 24
5640 19
5641 26
5642 36
5643 23
5644 21
5645 25
5646 23
5647 26
5648 28
5649 25
5650 24
5651 29
5652 24
5653 22
5654 20
5655 20
5656 25
5657 22
5658 28
5659 26
5660 21
5661 24
5662 24
5663 23
5664 23
5665 23
5666 21
5667 23
5668 24
5669 23
5670 18
5671 24
5672 21
5673 19
5674 22
5675 26
5676 17
5677 4
5678 12
5679 19
5680 28
5681 30
5682 22
5683 22
5684 16
5685 21
5686 22
5687 22
5688 23
5689 16
5690 12
5691 11
5692 15
5693 18
5694 19
5695 22
5696 23
5697 25
5698 27
5699 22
5700 25
5701 25
5702 26
5703 24
5704 24
5705 19
5706 16
5707 20
5708 21
5709 21
5710 20
5711 20
5712 19
5713 15
5714 11
5715 18
5716 19
5717 21
5718 22
5719 22
5720 24
5721 17
5722 21
5723 24
5724 26
5725 25
5726 19
5727 17
5728 24
5729 20
5730 22
5731 25
5732 22
5733 28
5734 21
5735 21
5736 25
5737 22
5738 25
5739 20
5740 29
5741 19
5742 19
5743 18
5744 19
5745 15
5746 24
5747 22
5748 19
5749 21
5750 32
5751 21
5752 20
5753 27
5754 22
5755 22
5756 24
5757 27
5758 26
5759 21
5760 18
5761 17
5762 9
5763 23
5764 20
5765 12
5766 19
5767 19
5768 15
5769 18
5770 26
5771 23
5772 23
5773 22
5774 15
5775 26
5776 27
5777 18
5778 7
5779 19
5780 28
5781 26
5782 22
5783 15
5784 19
5785 22
5786 24
5787 21
5788 23
5789 21
5790 23
5791 28
5792 21
5793 21
5794 28
5795 17
5796 23
5797 31
5798 25
5799 21
5800 24
5801 19
5802 18
5803 20
5804 23
5805 19
5806 25
5807 25
5808 19
5809 23
5810 24
5811 18
5812 19
5813 15
5814 24
5815 24
5816 18
5817 17
5818 11
5819 21
5820 18
5821 16
5822 26
5823 20
5824 19
5825 24
5826 27
5827 26
5828 20
5829 15
5830 17
5831 26
5832 16
5833 19
5834 19
5835 15
5836 27
5837 28
5838 21
5839 24
5840 25
5841 22
5842 26
5843 22
5844 29
5845 22
5846 17
5847 21
5848 24
5849 17
5850 23
5851 17
5852 28
5853 25
5854 27
5855 25
5856 27
5857 18
5858 19
5859 22
5860 21
5861 23
5862 23
5863 21
5864 20
5865 30
5866 21
5867 23
5868 25
5869 18
5870 14
5871 18
5872 23
5873 31
5874 16
5875 22
5876 24
5877 23
5878 25
5879 23
5880 22
5881 19
5882 21
5883 24
5884 22
5885 18
5886 15
5887 16
5888 27
5889 19
5890 20
5891 20
5892 22
5893 18
5894 22
5895 18
5896 23
5897 21
5898 20
5899 15
5900 20
5901 24
5902 26
5903 23
5904 20
5905 21
5906 19
5907 23
5908 21
5909 20
5910 14
5911 12
5912 18
5913 25
5914 23
5915 27
5916 18
5917 24
5918 23
5919 21
5920 35
5921 19
5922 17
5923 20
5924 19
5925 17
5926 22
5927 24
5928 33
5929 31
5930 28
5931 26
5932 22
5933 19
5934 23
5935 28
5936 21
5937 19
5938 21
5939 31
5940 25
5941 19
5942 24
5943 20
5944 24
5945 24
5946 19
5947 24
5948 23
5949 23
5950 21
5951 22
5952 18
5953 19
5954 20
5955 26
5956 24
5957 34
5958 23
5959 24
5960 28
5961 22
5962 18
5963 24
5964 28
5965 20
5966 19
5967 23
5968 22
5969 24
5970 31
5971 31
5972 22
5973 23
5974 20
5975 26
5976 29
5977 15
5978 17
5979 23
5980 25
5981 20
5982 21
5983 24
5984 13
5985 16
5986 20
5987 21
5988 23
5989 21
5990 21
5991 20
5992 21
5993 23
5994 23
5995 21
5996 24
5997 25
5998 21
5999 24
6000 20
6001 23
6002 28
6003 20
6004 21
6005 20
6006 25
6007 19
6008 26
6009 27
6010 25
6011 22
6012 21
6013 22
6014 19
6015 21
6016 23
6017 19
6018 21
6019 20
6020 25
6021 23
6022 24
6023 22
6024 23
6025 24
6026 23
6027 28
6028 25
6029 26
6030 25
6031 22
6032 16
6033 23
6034 22
6035 25
6036 19
6037 26
6038 22
6039 14
6040 18
6041 19
6042 23
6043 22
6044 20
6045 13
6046 14
6047 16
6048 18
6049 24
6050 26
6051 16
6052 23
6053 23
6054 18
6055 19
6056 25
6057 17
6058 25
6059 14
6060 20
6061 23
6062 21
6063 22
6064 22
6065 20
6066 26
6067 26
6068 17
6069 25
6070 28
6071 26
6072 27
6073 25
6074 25
6075 21
6076 19
6077 21
6078 23
6079 18
6080 31
6081 21
6082 22
6083 25
6084 26
6085 21
6086 23
6087 23
6088 25
6089 21
6090 23
6091 28
6092 17
6093 21
6094 20
6095 23
6096 23
6097 24
6098 23
6099 23
6100 20
6101 23
6102 23
6103 24
6104 23
6105 21
6106 21
6107 21
6108 18
6109 19
6110 19
6111 18
6112 27
6113 27
6114 26
6115 28
6116 18
6117 22
6118 24
6119 22
6120 20
6121 20
6122 18
6123 19
6124 18
6125 19
6126 28
6127 28
6128 30
6129 25
6130 23
6131 20
6132 21
6133 16
6134 20
6135 23
6136 22
6137 19
6138 21
6139 26
6140 20
6141 20
6142 16
6143 22
6144 21
6145 29
6146 27
6147 27
6148 28
6149 30
6150 20
6151 20
6152 20
6153 28
6154 21
6155 16
6156 12
6157 27
6158 21
6159 24
6160 27
6161 21
6162 20
6163 23
6164 21
6165 23
6166 22
6167 17
6168 22
6169 20
6170 20
6171 23
6172 25
6173 25
6174 25
6175 23
6176 19
6177 18
6178 16
6179 24
6180 17
6181 20
6182 14
6183 20
6184 15
6185 18
6186 23
6187 26
6188 25
6189 25
6190 20
6191 21
6192 19
6193 23
6194 19
6195 23
6196 22
6197 27
6198 20
6199 27
6200 31
6201 25
6202 17
6203 23
6204 16
6205 18
6206 14
6207 23
6208 30
6209 22
6210 20
6211 19
6212 25
6213 14
6214 24
6215 25
6216 19
6217 16
6218 23
6219 18
6220 24
6221 22
6222 19
6223 19
6224 21
6225 19
6226 17
6227 25
6228 24
6229 25
6230 23
6231 27
6232 27
6233 16
6234 23
6235 21
6236 22
6237 24
6238 21
6239 15
6240 8
6241 27
6242 23
6243 22
6244 24
6245 17
6246 26
6247 25
6248 21
6249 8
6250 18
6251 26
6252 23
6253 23
6254 27
6255 24
6256 19
6257 21
6258 25
6259 21
6260 22
6261 23
6262 18
6263 23
6264 21
6265 20
6266 23
6267 23
6268 22
6269 24
6270 25
6271 31
6272 25
6273 23
6274 17
6275 22
6276 15
6277 15
6278 22
6279 19
6280 33
6281 25
6282 23
6283 25
6284 23
6285 21
6286 22
6287 23
6288 21
6289 21
6290 22
6291 20
6292 24
6293 24
6294 25
6295 21
6296 23
6297 14
6298 21
6299 26
6300 19
6301 19
6302 20
6303 20
6304 23
6305 21
6306 21
6307 17
6308 18
6309 17
6310 23
6311 24
6312 27
6313 18
6314 22
6315 25
6316 22
6317 24
6318 23
6319 25
6320 22
6321 19
6322 16
6323 31
6324 23
6325 19
6326 19
6327 18
6328 14
6329 17
6330 17
6331 20
6332 18
6333 22
6334 24
6335 18
6336 23
6337 23
6338 24
6339 23
6340 23
6341 22
6342 24
6343 23
6344 20
6345 20
6346 23
6347 25
6348 24
6349 28
6350 22
6351 19
6352 25
6353 20
6354 20
6355 20
6356 21
6357 17
6358 19
6359 30
6360 25
6361 21
6362 19
6363 17
6364 17
6365 19
6366 24
6367 18
6368 27
6369 27
6370 21
6371 25
6372 24
6373 10
6374 18
6375 19
6376 20
6377 22
6378 23
6379 23
6380 26
6381 29
6382 14
6383 19
6384 20
6385 15
6386 21
6387 23
6388 24
6389 23
6390 18
6391 26
6392 19
6393 20
6394 20
6395 21
6396 20
6397 26
6398 21
6399 17
6400 24
6401 30
6402 23
6403 17
6404 14
6405 25
6406 21
6407 23
6408 19
6409 22
6410 21
6411 30
6412 22
6413 24
6414 28
6415 24
6416 25
6417 23
6418 22
6419 18
6420 22
6421 23
6422 15
6423 13
6424 15
6425 24
6426 24
6427 31
6428 24
6429 16
6430 23
6431 24
6432 26
6433 21
6434 22
6435 22
6436 21
6437 18
6438 20
6439 23
6440 20
6441 23
6442 19
6443 19
6444 26
6445 16
6446 19
6447 20
6448 20
6449 23
6450 20
6451 25
6452 20
6453 22
6454 29
6455 23
6456 22
6457 25
6458 21
6459 22
6460 22
6461 23
6462 27
6463 24
6464 25
6465 12
6466 13
6467 17
6468 21
6469 20
6470 17
6471 21
6472 7
6473 21
6474 19
6475 19
6476 22
6477 23
6478 27
6479 32
6480 26
6481 22
6482 26
6483 23
6484 15
6485 10
6486 18
6487 24
6488 27
6489 30
6490 27
6491 19
6492 31
6493 17
6494 19
6495 19
6496 25
6497 20
6498 24
6499 22
6500 31
6501 26
6502 16
6503 23
6504 22
6505 23
6506 22
6507 25
6508 20
6509 24
6510 19
6511 20
6512 22
6513 22
6514 28
6515 23
6516 22
6517 21
6518 27
6519 23
6520 20
6521 20
6522 20
6523 22
6524 24
6525 19
6526 20
6527 25
6528 22
6529 20
6530 13
6531 16
6532 25
6533 22
6534 21
6535 26
6536 25
6537 11
6538 24
6539 25
6540 22
6541 23
6542 20
6543 21
6544 20
6545 21
6546 21
6547 22
6548 23
6549 22
6550 16
6551 22
6552 19
6553 19
6554 22
6555 25
6556 25
6557 19
6558 16
6559 19
6560 22
6561 25
6562 23
6563 17
6564 25
6565 25
6566 22
6567 25
6568 25
6569 25
6570 22
6571 15
6572 15
6573 17
6574 16
6575 20
6576 21
6577 22
6578 25
6579 19
6580 20
6581 24
6582 24
6583 24
6584 22
6585 27
6586 20
6587 18
6588 17
6589 16
6590 17
6591 18
6592 13
6593 18
6594 14
6595 13
6596 22
6597 23
6598 23
6599 18
6600 20
6601 21
6602 22
6603 17
6604 22
6605 21
6606 19
6607 27
6608 27
6609 23
6610 27
6611 23
6612 20
6613 22
6614 20
6615 30
6616 25
6617 22
6618 15
6619 18
6620 17
6621 18
6622 23
6623 26
6624 19
6625 21
6626 21
6627 24
6628 21
6629 20
6630 23
6631 23
6632 21
6633 28
6634 31
6635 24
6636 23
6637 21
6638 18
6639 25
6640 19
6641 20
6642 16
6643 24
6644 20
6645 18
6646 16
6647 24
6648 13
6649 19
6650 25
6651 23
6652 16
6653 21
6654 23
6655 22
6656 30
6657 24
6658 22
6659 23
6660 23
6661 25
6662 22
6663 17
6664 16
6665 17
6666 25
6667 16
6668 19
6669 18
6670 20
6671 23
6672 25
6673 20
6674 19
6675 20
6676 24
6677 17
6678 17
6679 19
6680 27
6681 22
6682 23
6683 22
6684 19
6685 23
6686 21
6687 20
6688 22
6689 27
6690 30
6691 22
6692 24
6693 29
6694 25
6695 24
6696 21
6697 20
6698 17
6699 20
6700 22
6701 23
6702 19
6703 13
6704 17
6705 20
6706 20
6707 15
6708 23
6709 22
6710 22
6711 24
6712 16
6713 14
6714 10
6715 12
6716 16
6717 23
6718 26
6719 27
6720 24
6721 19
6722 28
6723 29
6724 22
6725 15
6726 17
6727 19
6728 27
6729 17
6730 19
6731 20
6732 25
6733 20
6734 22
6735 19
6736 16
6737 20
6738 20
6739 27
6740 23
6741 26
6742 26
6743 20
6744 22
6745 22
6746 25
6747 18
6748 22
6749 23
6750 25
6751 25
6752 18
6753 15
6754 26
6755 26
6756 20
6757 16
6758 20
6759 22
6760 27
6761 25
6762 20
6763 21
6764 24
6765 25
6766 23
6767 15
6768 24
6769 22
6770 26
6771 8
6772 12
6773 12
6774 22
6775 18
6776 21
6777 23
6778 26
6779 23
6780 18
6781 25
6782 14
6783 26
6784 28
6785 23
6786 18
6787 16
6788 17
6789 27
6790 20
6791 23
6792 22
6793 23
6794 18
6795 20
6796 22
6797 23
6798 22
6799 21
6800 20
6801 23
6802 21
6803 13
6804 20
6805 22
6806 4
6807 9
6808 23
6809 26
6810 24
6811 21
6812 21
6813 22
6814 22
6815 21
6816 20
6817 26
6818 23
6819 22
6820 29
6821 22
6822 29
6823 19
6824 22
6825 23
6826 22
6827 18
6828 22
6829 24
6830 20
6831 19
6832 22
6833 24
6834 22
6835 25
6836 23
6837 20
6838 14
6839 18
6840 24
6841 27
6842 21
6843 21
6844 14
6845 23
6846 15
6847 26
6848 22
6849 18
6850 21
6851 19
6852 25
6853 18
6854 16
6855 15
6856 25
6857 21
6858 21
6859 26
6860 20
6861 27
6862 24
6863 20
6864 23
6865 17
6866 19
6867 20
6868 25
6869 17
6870 22
6871 23
6872 22
6873 25
6874 22
6875 23
6876 23
6877 22
6878 21
6879 15
6880 27
6881 18
6882 25
6883 28
6884 23
6885 21
6886 22
6887 26
6888 25
6889 18
6890 23
6891 20
6892 18
6893 23
6894 24
6895 23
6896 26
6897 26
6898 23
6899 20
6900 18
6901 28
6902 30
6903 23
6904 24
6905 23
6906 19
6907 23
6908 25
6909 26
6910 24
6911 19
6912 13
6913 16
6914 17
6915 30
6916 24
6917 23
6918 23
6919 22
6920 21
6921 21
6922 26
6923 23
6924 23
6925 19
6926 27
6927 23
6928 21
6929 21
6930 31
6931 18
6932 17
6933 17
6934 24
6935 21
6936 19
6937 20
6938 18
6939 25
6940 26
6941 26
6942 26
6943 20
6944 17
6945 24
6946 22
6947 28
6948 30
6949 16
6950 25
6951 18
6952 17
6953 17
6954 19
6955 24
6956 26
6957 24
6958 27
6959 23
6960 23
6961 25
6962 23
6963 24
6964 29
6965 27
6966 16
6967 15
6968 21
6969 26
6970 23
6971 26
6972 23
6973 22
6974 27
6975 21
6976 24
6977 22
6978 26
6979 31
6980 24
6981 24
6982 20
6983 24
6984 21
6985 20
6986 18
6987 24
6988 26
6989 24
6990 22
6991 24
6992 23
6993 22
6994 15
6995 17
6996 20
6997 17
6998 19
6999 28
7000 21
7001 15
7002 9
7003 26
7004 22
7005 19
7006 23
7007 22
7008 20
7009 11
7010 6
7011 13
7012 17
7013 21
7014 24
7015 23
7016 25
7017 21
7018 35
7019 25
7020 22
7021 22
7022 22
7023 28
7024 23
7025 25
7026 21
7027 21
7028 27
7029 24
7030 29
7031 21
7032 24
7033 22
7034 21
7035 24
7036 20
7037 29
7038 19
7039 21
7040 24
7041 17
7042 16
7043 20
7044 21
7045 22
7046 25
7047 23
7048 24
7049 25
7050 22
7051 26
7052 19
7053 24
7054 23
7055 20
7056 19
7057 20
7058 23
7059 17
7060 25
7061 25
7062 23
7063 14
7064 23
7065 25
7066 25
7067 19
7068 24
7069 16
7070 17
7071 27
7072 24
7073 21
7074 16
7075 22
7076 20
7077 24
7078 17
7079 22
7080 16
7081 24
7082 19
7083 21
7084 17
7085 16
7086 22
7087 23
7088 28
7089 27
7090 21
7091 24
7092 19
7093 24
7094 25
7095 21
7096 18
7097 25
7098 22
7099 20
7100 21
7101 23
7102 26
7103 18
7104 10
7105 12
7106 25
7107 27
7108 24
7109 27
7110 30
7111 23
7112 13
7113 22
7114 31
7115 26
7116 18
7117 22
7118 20
7119 19
7120 20
7121 25
7122 23
7123 24
7124 22
7125 22
7126 26
7127 20
7128 31
7129 24
7130 18
7131 20
7132 21
7133 24
7134 19
7135 18
7136 23
7137 25
7138 27
7139 22
7140 14
7141 22
7142 18
7143 11
7144 26
7145 22
7146 20
7147 24
7148 25
7149 21
7150 8
7151 23
7152 22
7153 25
7154 18
7155 12
7156 20
7157 21
7158 18
7159 19
7160 19
7161 22
7162 25
7163 25
7164 19
7165 17
7166 22
7167 18
7168 21
7169 26
7170 26
7171 27
7172 15
7173 18
7174 18
7175 22
7176 15
7177 16
7178 26
7179 28
7180 23
7181 17
7182 26
7183 23
7184 24
7185 18
7186 25
7187 22
7188 21
7189 23
7190 24
7191 20
7192 25
7193 18
7194 25
7195 20
7196 23
7197 17
7198 21
7199 22
7200 26
7201 21
7202 20
7203 33
7204 19
7205 25
7206 21
7207 21
7208 24
7209 24
7210 22
7211 20
7212 25
7213 28
7214 22
7215 17
7216 23
7217 19
7218 20
7219 26
7220 18
7221 26
7222 22
7223 22
7224 14
7225 25
7226 22
7227 27
7228 20
7229 22
7230 22
7231 22
7232 19
7233 19
7234 19
7235 17
7236 18
7237 24
7238 22
7239 23
7240 22
7241 25
7242 19
7243 23
7244 27
7245 21
7246 22
7247 22
7248 17
7249 34
7250 27
7251 21
7252 21
7253 23
7254 25
7255 26
7256 20
7257 18
7258 16
7259 19
7260 15
7261 25
7262 17
7263 10
7264 8
7265 25
7266 22
7267 24
7268 25
7269 22
7270 25
7271 28
7272 25
7273 22
7274 26
7275 26
7276 22
7277 23
7278 25
7279 18
7280 21
7281 21
7282 25
7283 21
7284 26
7285 23
7286 24
7287 27
7288 26
7289 25
7290 21
7291 26
7292 25
7293 28
7294 24
7295 21
7296 19
7297 23
7298 20
7299 27
7300 23
7301 13
7302 24
7303 26
7304 19
7305 27
7306 26
7307 18
7308 19
7309 20
7310 21
7311 17
7312 16
7313 19
7314 17
7315 20
7316 24
7317 25
7318 22
7319 22
7320 29
7321 26
7322 24
7323 30
7324 30
7325 28
7326 21
7327 18
7328 23
7329 24
7330 19
7331 21
7332 25
7333 25
7334 33
7335 23
7336 21
7337 30
7338 21
7339 18
7340 24
7341 23
7342 26
7343 27
7344 26
7345 25
7346 20
7347 11
7348 14
7349 13
7350 22
7351 21
7352 20
7353 17
7354 19
7355 18
7356 20
7357 18
7358 20
7359 27
7360 20
7361 24
7362 21
7363 24
7364 25
7365 15
7366 18
7367 22
7368 19
7369 20
7370 15
7371 17
7372 24
7373 27
7374 23
7375 23
7376 20
7377 23
7378 24
7379 25
7380 20
7381 19
7382 30
7383 24
7384 28
7385 24
7386 21
7387 23
7388 24
7389 19
7390 24
7391 19
7392 25
7393 33
7394 21
7395 17
7396 19
7397 20
7398 17
7399 21
7400 24
7401 22
7402 20
7403 19
7404 23
7405 26
7406 19
7407 25
7408 21
7409 20
7410 19
7411 22
7412 25
7413 26
7414 21
7415 19
7416 15
7417 29
7418 24
7419 19
7420 22
7421 24
7422 21
7423 25
7424 19
7425 24
7426 22
7427 14
7428 21
7429 20
7430 20
7431 20
7432 22
7433 20
7434 26
7435 22
7436 23
7437 21
7438 24
7439 21
7440 21
7441 19
7442 16
7443 29
7444 21
7445 27
7446 22
7447 25
7448 26
7449 27
7450 17
7451 24
7452 18
7453 21
7454 18
7455 25
7456 17
7457 17
7458 23
7459 26
7460 20
7461 24
7462 17
7463 14
7464 20
7465 21
7466 24
7467 20
7468 18
7469 25
7470 20
7471 17
7472 23
7473 24
7474 23
7475 21
7476 25
7477 25
7478 26
7479 27
7480 18
7481 21
7482 20
7483 26
7484 23
7485 23
7486 24
7487 21
7488 24
7489 15
7490 18
7491 19
7492 23
7493 22
7494 23
7495 13
7496 12
7497 13
7498 20
7499 31
7500 23
7501 18
7502 22
7503 19
7504 20
7505 24
7506 24
7507 25
7508 25
7509 28
7510 22
7511 28
7512 22
7513 23
7514 26
7515 23
7516 28
7517 25
7518 28
7519 18
7520 21
7521 21
7522 31
7523 22
7524 17
7525 16
7526 15
7527 23
7528 24
7529 18
7530 27
7531 18
7532 23
7533 22
7534 19
7535 26
7536 28
7537 20
7538 17
7539 26
7540 26
7541 20
7542 25
7543 19
7544 18
7545 15
7546 24
7547 22
7548 16
7549 21
7550 18
7551 17
7552 21
7553 23
7554 21
7555 20
7556 20
7557 20
7558 24
7559 27
7560 25
7561 24
7562 19
7563 26
7564 14
7565 15
7566 20
7567 23
7568 29
7569 23
7570 25
7571 11
7572 17
7573 26
7574 19
7575 20
7576 34
7577 33
7578 25
7579 21
7580 16
7581 20
7582 27
7583 20
7584 18
7585 14
7586 24
7587 17
7588 20
7589 21
7590 23
7591 27
7592 20
7593 19
7594 21
7595 24
7596 18
7597 23
7598 19
7599 19
7600 21
7601 22
7602 24
7603 25
7604 24
7605 26
7606 20
7607 18
7608 22
7609 25
7610 25
7611 28
7612 21
7613 22
7614 28
7615 17
7616 22
7617 19
7618 14
7619 24
7620 18
7621 26
7622 27
7623 29
7624 17
7625 26
7626 25
7627 20
7628 20
7629 19
7630 18
7631 17
7632 16
7633 22
7634 21
7635 25
7636 25
7637 15
7638 16
7639 19
7640 24
7641 21
7642 22
7643 26
7644 20
7645 27
7646 34
7647 23
7648 25
7649 22
7650 27
7651 31
7652 27
7653 21
7654 19
7655 20
7656 17
7657 14
7658 18
7659 24
7660 23
7661 24
7662 23
7663 21
7664 22
7665 27
7666 20
7667 21
7668 24
7669 24
7670 16
7671 14
7672 18
7673 17
7674 18
7675 25
7676 21
7677 24
7678 18
7679 17
7680 17
7681 22
7682 25
7683 21
7684 17
7685 18
7686 27
7687 22
7688 25
7689 24
7690 22
7691 23
7692 23
7693 24
7694 24
7695 23
7696 19
7697 23
7698 19
7699 12
7700 15
7701 26
7702 22
7703 21
7704 25
7705 22
7706 23
7707 26
7708 19
7709 18
7710 20
7711 23
7712 25
7713 21
7714 19
7715 25
7716 16
7717 24
7718 24
7719 21
7720 26
7721 20
7722 22
7723 25
7724 14
7725 19
7726 24
7727 21
7728 21
7729 25
7730 26
7731 19
7732 14
7733 17
7734 17
7735 23
7736 18
7737 24
7738 27
7739 20
7740 20
7741 25
7742 24
7743 21
7744 26
7745 19
7746 27
7747 28
7748 22
7749 25
7750 24
7751 23
7752 21
7753 29
7754 23
7755 28
7756 29
7757 19
7758 21
7759 24
7760 28
7761 27
7762 15
7763 21
7764 21
7765 16
7766 14
7767 13
7768 21
7769 30
7770 24
7771 10
7772 17
7773 15
7774 19
7775 18
7776 24
7777 30
7778 24
7779 28
7780 30
7781 25
7782 21
7783 22
7784 20
7785 27
7786 22
7787 21
7788 20
7789 23
7790 27
7791 18
7792 13
7793 18
7794 24
7795 19
7796 18
7797 15
7798 18
7799 23
7800 23
7801 22
7802 22
7803 21
7804 21
7805 23
7806 25
7807 28
7808 24
7809 26
7810 26
7811 27
7812 20
7813 18
7814 19
7815 21
7816 24
7817 20
7818 26
7819 10
7820 21
7821 24
7822 26
7823 29
7824 25
7825 29
7826 21
7827 32
7828 23
7829 30
7830 22
7831 36
7832 22
7833 26
7834 23
7835 20
7836 23
7837 28
7838 24
7839 22
7840 25
7841 18
7842 17
7843 18
7844 19
7845 26
7846 23
7847 22
7848 19
7849 21
7850 25
7851 25
7852 16
7853 26
7854 22
7855 17
7856 20
7857 19
7858 20
7859 22
7860 17
7861 24
7862 26
7863 25
7864 26
7865 18
7866 23
7867 24
7868 23
7869 29
7870 23
7871 23
7872 22
7873 22
7874 21
7875 20
7876 26
7877 22
7878 23
7879 23
7880 20
7881 24
7882 22
7883 20
7884 21
7885 26
7886 24
7887 21
7888 23
7889 21
7890 22
7891 19
7892 17
7893 25
7894 23
7895 26
7896 21
7897 23
7898 25
7899 27
7900 21
7901 22
7902 28
7903 24
7904 23
7905 27
7906 22
7907 32
7908 18
7909 22
7910 21
7911 26
7912 27
7913 19
7914 27
7915 28
7916 12
7917 23
7918 23
7919 26
7920 21
7921 22
7922 19
7923 24
7924 24
7925 24
7926 26
7927 24
7928 20
7929 19
7930 24
7931 24
7932 26
7933 22
7934 21
7935 23
7936 20
7937 30
7938 24
7939 24
7940 15
7941 17
7942 24
7943 20
7944 20
7945 16
7946 20
7947 20
7948 21
7949 24
7950 21
7951 22
7952 26
7953 23
7954 27
7955 24
7956 28
7957 23
7958 25
7959 26
7960 22
7961 23
7962 24
7963 18
7964 21
7965 16
7966 9
7967 19
7968 17
7969 18
7970 16
7971 20
7972 20
7973 14
7974 20
7975 28
7976 25
7977 20
7978 16
7979 20
7980 20
7981 25
7982 21
7983 23
7984 13
7985 15
7986 19
7987 19
7988 22
7989 33
7990 25
7991 18
7992 20
7993 24
7994 22
7995 12
7996 23
7997 24
7998 23
7999 18
8000 27
8001 24
8002 26
8003 18
8004 17
8005 16
8006 17
8007 23
8008 24
8009 24
8010 21
8011 22
8012 22
8013 18
8014 22
8015 17
8016 25
8017 20
8018 25
8019 19
8020 25
8021 27
8022 23
8023 23
8024 17
8025 25
8026 28
8027 17
8028 22
8029 23
8030 24
8031 22
8032 20
8033 22
8034 25
8035 23
8036 21
8037 13
8038 17
8039 21
8040 23
8041 24
8042 25
8043 21
8044 19
8045 19
8046 31
8047 24
8048 19
8049 22
8050 26
8051 20
8052 20
8053 18
8054 22
8055 18
8056 22
8057 19
8058 17
8059 20
8060 22
8061 28
8062 23
8063 21
8064 23
8065 19
8066 26
8067 27
8068 23
8069 24
8070 17
8071 21
8072 26
8073 20
8074 27
8075 25
8076 25
8077 23
8078 22
8079 23
8080 18
8081 21
8082 20
8083 26
8084 31
8085 13
8086 11
8087 15
8088 15
8089 20
8090 18
8091 21
8092 29
8093 20
8094 21
8095 23
8096 24
8097 22
8098 23
8099 21
8100 24
8101 17
8102 21
8103 25
8104 22
8105 32
8106 23
8107 24
8108 17
8109 29
8110 26
8111 22
8112 20
8113 17
8114 25
8115 22
8116 20
8117 20
8118 23
8119 26
8120 28
8121 23
8122 26
8123 23
8124 18
8125 21
8126 23
8127 19
8128 14
8129 14
8130 22
8131 20
8132 19
8133 21
8134 17
8135 18
8136 23
8137 23
8138 22
8139 23
8140 27
8141 23
8142 25
8143 22
8144 19
8145 23
8146 21
8147 21
8148 21
8149 19
8150 20
8151 21
8152 23
8153 24
8154 26
8155 24
8156 22
8157 25
8158 14
8159 8
8160 18
8161 18
8162 22
8163 20
8164 24
8165 22
8166 34
8167 21
8168 20
8169 22
8170 26
8171 27
8172 24
8173 18
8174 21
8175 18
8176 22
8177 21
8178 18
8179 20
8180 22
8181 26
8182 19
8183 18
8184 26
8185 20
8186 21
8187 26
8188 17
8189 22
8190 21
8191 23
8192 26
8193 17
8194 25
8195 26
8196 32
8197 21
8198 23
8199 20
8200 22
8201 21
8202 22
8203 23
8204 16
8205 10
8206 11
8207 14
8208 19
8209 20
8210 25
8211 16
8212 23
8213 24
8214 26
8215 24
8216 26
8217 22
8218 30
8219 21
8220 14
8221 25
8222 19
8223 26
8224 26
8225 23
8226 18
8227 24
8228 30
8229 23
8230 24
8231 23
8232 18
8233 22
8234 21
8235 16
8236 19
8237 24
8238 20
8239 20
8240 21
8241 16
8242 24
8243 25
8244 28
8245 23
8246 24
8247 24
8248 20
8249 23
8250 23
8251 23
8252 35
8253 19
8254 22
8255 18
8256 20
8257 21
8258 23
8259 18
8260 20
8261 18
8262 20
8263 21
8264 27
8265 16
8266 19
8267 9
8268 23
8269 28
8270 27
8271 21
8272 29
8273 22
8274 19
8275 20
8276 15
8277 18
8278 15
8279 23
8280 25
8281 21
8282 24
8283 22
8284 22
8285 24
8286 23
8287 20
8288 18
8289 27
8290 22
8291 19
8292 26
8293 25
8294 22
8295 16
8296 24
8297 21
8298 24
8299 17
8300 20
8301 27
8302 15
8303 18
8304 24
8305 20
8306 25
8307 21
8308 20
8309 26
8310 22
8311 18
8312 19
8313 18
8314 22
8315 25
8316 24
8317 18
8318 20
8319 13
8320 22
8321 17
8322 19
8323 23
8324 24
8325 23
8326 25
8327 22
8328 19
8329 21
8330 28
8331 24
8332 28
8333 23
8334 20
8335 24
8336 20
8337 21
8338 25
8339 17
8340 24
8341 25
8342 23
8343 19
8344 24
8345 22
8346 19
8347 20
8348 18
8349 23
8350 20
8351 26
8352 21
8353 30
8354 27
8355 20
8356 24
8357 13
8358 18
8359 28
8360 27
8361 24
8362 24
8363 19
8364 17
8365 25
8366 20
8367 13
8368 25
8369 23
8370 18
8371 16
8372 22
8373 19
8374 18
8375 18
8376 20
8377 23
8378 20
8379 16
8380 11
8381 24
8382 8
8383 21
8384 24
8385 22
8386 23
8387 20
8388 22
8389 14
8390 21
8391 20
8392 20
8393 18
8394 26
8395 24
8396 24
8397 21
8398 24
8399 22
8400 24
8401 23
8402 21
8403 16
8404 20
8405 16
8406 21
8407 16
8408 17
8409 21
8410 21
8411 19
8412 15
8413 20
8414 26
8415 18
8416 24
8417 25
8418 27
8419 26
8420 23
8421 22
8422 24
8423 18
8424 21
8425 11
8426 16
8427 28
8428 24
8429 25
8430 22
8431 17
8432 24
8433 20
8434 19
8435 20
8436 19
8437 26
8438 22
8439 20
8440 19
8441 21
8442 26
8443 30
8444 14
8445 21
8446 24
8447 24
8448 24
8449 24
8450 24
8451 24
8452 21
8453 25
8454 26
8455 21
8456 20
8457 23
8458 23
8459 24
8460 26
8461 18
8462 23
8463 22
8464 13
8465 14
8466 16
8467 25
8468 22
8469 24
8470 25
8471 31
8472 27
8473 27
8474 14
8475 13
8476 21
8477 23
8478 22
8479 26
8480 21
8481 22
8482 23
8483 23
8484 29
8485 24
8486 23
8487 17
8488 19
8489 22
8490 22
8491 23
8492 24
8493 23
8494 21
8495 22
8496 25
8497 21
8498 25
8499 16
8500 18
8501 22
8502 26
8503 18
8504 33
8505 31
8506 23
8507 26
8508 10
8509 7
8510 6
8511 15
8512 10
8513 18
8514 26
8515 26
8516 22
8517 16
8518 19
8519 20
8520 21
8521 24
8522 24
8523 23
8524 24
8525 22
8526 26
8527 25
8528 25
8529 17
8530 20
8531 19
8532 23
8533 17
8534 18
8535 24
8536 23
8537 19
8538 18
8539 23
8540 25
8541 22
8542 23
8543 27
8544 28
8545 23
8546 25
8547 20
8548 19
8549 17
8550 28
8551 28
8552 32
8553 24
8554 26
8555 21
8556 25
8557 26
8558 21
8559 22
8560 32
8561 21
8562 19
8563 20
8564 20
8565 18
8566 24
8567 22
8568 23
8569 31
8570 31
8571 21
8572 31
8573 29
8574 24
8575 18
8576 27
8577 19
8578 22
8579 20
8580 22
8581 20
8582 21
8583 23
8584 22
8585 21
8586 24
8587 27
8588 25
8589 22
8590 27
8591 21
8592 21
8593 23
8594 18
8595 22
8596 24
8597 20
8598 16
8599 23
8600 21
8601 19
8602 23
8603 7
8604 9
8605 21
8606 24
8607 28
8608 27
8609 21
8610 29
8611 27
8612 23
8613 24
8614 22
8615 16
8616 17
8617 24
8618 26
8619 26
8620 26
8621 21
8622 22
8623 29
8624 14
8625 18
8626 30
8627 27
8628 27
8629 25
8630 19
8631 28
8632 25
8633 19
8634 20
8635 24
8636 24
8637 19
8638 24
8639 21
8640 19
8641 14
8642 20
8643 19
8644 14
8645 21
8646 18
8647 16
8648 17
8649 14
8650 22
8651 31
8652 18
8653 24
8654 28
8655 21
8656 20
8657 19
8658 21
8659 19
8660 25
8661 19
8662 25
8663 21
8664 26
8665 22
8666 26
8667 28
8668 23
8669 28
8670 17
8671 23
8672 27
8673 27
8674 30
8675 26
8676 23
8677 19
8678 23
8679 23
8680 33
8681 29
8682 24
8683 25
8684 24
8685 17
8686 9
8687 11
8688 20
8689 21
8690 22
8691 29
8692 27
8693 25
8694 26
8695 24
8696 20
8697 20
8698 23
8699 27
8700 21
8701 17
8702 15
8703 17
8704 22
8705 27
8706 21
8707 19
8708 20
8709 13
8710 23
8711 31
8712 27
8713 21
8714 20
8715 23
8716 22
8717 24
8718 23
8719 14
8720 17
8721 24
8722 20
8723 22
8724 23
8725 24
8726 16
8727 10
8728 9
8729 13
8730 19
8731 27
8732 23
8733 27
8734 21
8735 20
8736 18
8737 17
8738 22
8739 21
8740 18
8741 23
8742 26
8743 28
8744 27
8745 22
8746 23
8747 19
8748 19
8749 22
8750 15
8751 22
8752 27
8753 24
8754 24
8755 20
8756 20
8757 18
8758 20
8759 28
8760 23
8761 13
8762 22
8763 19
8764 22
8765 29
8766 27
8767 30
8768 21
8769 23
8770 19
8771 22
8772 25
8773 23
8774 21
8775 15
8776 21
8777 23
8778 18
8779 23
8780 24
8781 20
8782 18
8783 22
8784 28
8785 21
8786 22
8787 28
8788 25
8789 21
8790 28
8791 23
8792 23
8793 21
8794 27
8795 27
8796 23
8797 27
8798 29
8799 25
8800 19
8801 22
8802 14
8803 23
8804 23
8805 23
8806 22
8807 18
8808 22
8809 30
8810 22
8811 26
8812 22
8813 26
8814 21
8815 24
8816 25
8817 29
8818 21
8819 29
8820 23
8821 27
8822 29
8823 26
8824 21
8825 22
8826 18
8827 23
8828 22
8829 23
8830 17
8831 28
8832 24
8833 27
8834 21
8835 20
8836 22
8837 21
8838 19
8839 22
8840 26
8841 26
8842 18
8843 20
8844 23
8845 22
8846 24
8847 22
8848 20
8849 27
8850 25
8851 20
8852 24
8853 22
8854 24
8855 18
8856 21
8857 24
8858 23
8859 22
8860 19
8861 15
8862 20
8863 16
8864 24
8865 25
8866 21
8867 18
8868 16
8869 12
8870 31
8871 22
8872 15
8873 22
8874 16
8875 25
8876 24
8877 30
8878 18
8879 26
8880 26
8881 22
8882 26
8883 22
8884 22
8885 24
8886 19
8887 20
8888 20
8889 18
8890 24
8891 26
8892 25
8893 21
8894 25
8895 26
8896 22
8897 18
8898 19
8899 24
8900 26
8901 21
8902 24
8903 19
8904 16
8905 24
8906 28
8907 19
8908 23
8909 20
8910 24
8911 19
8912 17
8913 18
8914 20
8915 15
8916 20
8917 25
8918 20
8919 24
8920 20
8921 22
8922 21
8923 18
8924 26
8925 24
8926 25
8927 24
8928 23
8929 21
8930 24
8931 22
8932 23
8933 21
8934 18
8935 20
8936 23
8937 26
8938 23
8939 21
8940 25
8941 24
8942 19
8943 26
8944 18
8945 20
8946 25
8947 29
8948 24
8949 21
8950 19
8951 23
8952 24
8953 17
8954 12
8955 14
8956 20
8957 22
8958 24
8959 24
8960 25
8961 25
8962 24
8963 21
8964 24
8965 23
8966 20
8967 20
8968 21
8969 25
8970 22
8971 21
8972 16
8973 15
8974 20
8975 21
8976 22
8977 25
8978 24
8979 19
8980 17
8981 23
8982 27
8983 21
8984 24
8985 21
8986 24
8987 25
8988 25
8989 27
8990 17
8991 16
8992 20
8993 22
8994 23
8995 21
8996 23
8997 24
8998 25
8999 24
9000 26
9001 34
9002 26
9003 16
9004 17
9005 19
9006 16
9007 25
9008 23
9009 25
9010 22
9011 19
9012 19
9013 20
9014 19
9015 20
9016 22
9017 21
9018 18
9019 18
9020 25
9021 30
9022 17
9023 22
9024 20
9025 19
9026 21
9027 18
9028 27
9029 19
9030 28
9031 19
9032 19
9033 23
9034 30
9035 18
9036 22
9037 22
9038 21
9039 18
9040 24
9041 24
9042 27
9043 28
9044 21
9045 21
9046 22
9047 17
9048 21
9049 20
9050 23
9051 19
9052 23
9053 20
9054 19
9055 21
9056 21
9057 16
9058 13
9059 19
9060 21
9061 24
9062 15
9063 13
9064 20
9065 35
9066 24
9067 30
9068 18
9069 25
9070 20
9071 23
9072 23
9073 20
9074 20
9075 16
9076 12
9077 8
9078 2
9079 15
9080 14
9081 16
9082 21
9083 22
9084 18
9085 26
9086 15
9087 23
9088 24
9089 22
9090 33
9091 24
9092 18
9093 22
9094 20
9095 22
9096 20
9097 16
9098 19
9099 20
9100 20
9101 22
9102 22
9103 23
9104 23
9105 23
9106 22
9107 22
9108 19
9109 20
9110 21
9111 27
9112 26
9113 27
9114 17
9115 16
9116 24
9117 18
9118 15
9119 21
9120 19
9121 23
9122 26
9123 18
9124 21
9125 29
9126 24
9127 21
9128 20
9129 17
9130 20
9131 23
9132 22
9133 24
9134 17
9135 23
9136 24
9137 24
9138 20
9139 22
9140 20
9141 20
9142 19
9143 17
9144 19
9145 19
9146 18
9147 17
9148 15
9149 17
9150 20
9151 20
9152 13
9153 16
9154 23
9155 21
9156 19
9157 23
9158 19
9159 17
9160 22
9161 23
9162 31
9163 27
9164 21
9165 24
9166 25
9167 19
9168 15
9169 24
9170 24
9171 15
9172 28
9173 27
9174 27
9175 22
9176 26
9177 21
9178 31
9179 28
9180 22
9181 17
9182 23
9183 21
9184 24
9185 27
9186 25
9187 27
9188 23
9189 24
9190 22
9191 27
9192 19
9193 32
9194 25
9195 24
9196 24
9197 22
9198 27
9199 26
9200 22
9201 19
9202 24
9203 17
9204 26
9205 23
9206 23
9207 21
9208 23
9209 18
9210 29
9211 29
9212 20
9213 22
9214 26
9215 16
9216 20
9217 23
9218 23
9219 29
9220 24
9221 24
9222 22
9223 17
9224 7
9225 17
9226 22
9227 15
9228 22
9229 24
9230 23
9231 22
9232 16
9233 23
9234 18
9235 20
9236 23
9237 20
9238 12
9239 19
9240 18
9241 23
9242 22
9243 23
9244 18
9245 21
9246 19
9247 23
9248 20
9249 21
9250 18
9251 24
9252 24
9253 29
9254 24
9255 17
9256 19
9257 20
9258 22
9259 28
9260 19
9261 19
9262 26
9263 22
9264 22
9265 15
9266 16
9267 22
9268 14
9269 13
9270 17
9271 18
9272 18
9273 22
9274 29
9275 21
9276 22
9277 25
9278 26
9279 24
9280 31
9281 22
9282 21
9283 13
9284 23
9285 20
9286 19
9287 15
9288 20
9289 23
9290 20
9291 21
9292 18
9293 20
9294 23
9295 25
9296 22
9297 20
9298 18
9299 21
9300 19
9301 19
9302 23
9303 23
9304 17
9305 24
9306 25
9307 19
9308 17
9309 24
9310 28
9311 26
9312 26
9313 31
9314 28
9315 21
9316 21
9317 17
9318 22
9319 20
9320 28
9321 21
9322 20
9323 21
9324 25
9325 22
9326 25
9327 25
9328 20
9329 27
9330 18
9331 18
9332 29
9333 24
9334 22
9335 13
9336 10
9337 17
9338 22
9339 18
9340 19
9341 20
9342 24
9343 25
9344 20
9345 27
9346 26
9347 17
9348 16
9349 23
9350 26
9351 22
9352 24
9353 20
9354 21
9355 24
9356 23
9357 23
9358 18
9359 17
9360 26
9361 25
9362 23
9363 19
9364 18
9365 14
9366 22
9367 25
9368 23
9369 24
9370 26
9371 18
9372 24
9373 24
9374 25
9375 20
9376 21
9377 21
9378 18
9379 17
9380 20
9381 24
9382 25
9383 18
9384 26
9385 20
9386 16
9387 18
9388 26
9389 32
9390 24
9391 23
9392 26
9393 24
9394 24
9395 28
9396 20
9397 24
9398 20
9399 19
9400 21
9401 24
9402 22
9403 24
9404 23
9405 23
9406 24
9407 22
9408 21
9409 21
9410 20
9411 24
9412 25
9413 27
9414 28
9415 29
9416 18
9417 17
9418 26
9419 22
9420 24
9421 21
9422 22
9423 21
9424 22
9425 21
9426 19
9427 16
9428 26
9429 27
9430 23
9431 19
9432 20
9433 22
9434 23
9435 26
9436 24
9437 21
9438 22
9439 20
9440 14
9441 19
9442 21
9443 27
9444 23
9445 22
9446 25
9447 18
9448 24
9449 23
9450 26
9451 25
9452 19
9453 17
9454 21
9455 17
9456 22
9457 18
9458 16
9459 16
9460 26
9461 28
9462 22
9463 23
9464 21
9465 25
9466 24
9467 12
9468 21
9469 24
9470 21
9471 25
9472 27
9473 21
9474 17
9475 10
9476 18
9477 21
9478 17
9479 24
9480 28
9481 22
9482 22
9483 24
9484 23
9485 21
9486 20
9487 22
9488 17
9489 22
9490 18
9491 18
9492 24
9493 20
9494 26
9495 30
9496 28
9497 22
9498 21
9499 20
9500 19
9501 25
9502 21
9503 20
9504 25
9505 25
9506 14
9507 17
9508 22
9509 25
9510 18
9511 16
9512 20
9513 16
9514 25
9515 22
9516 21
9517 15
9518 20
9519 14
9520 25
9521 20
9522 23
9523 25
9524 25
9525 17
9526 20
9527 17
9528 18
9529 22
9530 10
9531 22
9532 25
9533 17
9534 21
9535 21
9536 27
9537 19
9538 27
9539 22
9540 23
9541 26
9542 21
9543 16
9544 18
9545 28
9546 24
9547 22
9548 16
9549 18
9550 20
9551 15
9552 14
9553 11
9554 28
9555 24
9556 20
9557 19
9558 22
9559 18
9560 11
9561 14
9562 20
9563 19
9564 17
9565 19
9566 18
9567 13
9568 11
9569 10
9570 22
9571 20
9572 16
9573 30
9574 22
9575 19
9576 23
9577 24
9578 20
9579 26
9580 17
9581 16
9582 20
9583 11
9584 14
9585 17
9586 14
9587 13
9588 22
9589 25
9590 27
9591 24
9592 29
9593 21
9594 23
9595 13
9596 21
9597 22
9598 20
9599 28
9600 27
9601 22
9602 17
9603 22
9604 27
9605 21
9606 17
9607 20
9608 22
9609 21
9610 20
9611 19
9612 14
9613 23
9614 21
9615 19
9616 16
9617 22
9618 18
9619 17
9620 19
9621 19
9622 15
9623 24
9624 23
9625 23
9626 22
9627 21
9628 19
9629 28
9630 20
9631 23
9632 22
9633 20
9634 23
9635 15
9636 21
9637 20
9638 25
9639 24
9640 22
9641 22
9642 16
9643 13
9644 24
9645 26
9646 18
9647 26
9648 21
9649 17
9650 23
9651 21
9652 26
9653 15
9654 17
9655 20
9656 24
9657 22
9658 19
9659 23
9660 19
9661 18
9662 19
9663 25
9664 21
9665 19
9666 14
9667 29
9668 24
9669 25
9670 20
9671 22
9672 22
9673 23
9674 17
9675 19
9676 20
9677 22
9678 18
9679 14
9680 11
9681 22
9682 24
9683 30
9684 25
9685 19
9686 30
9687 25
9688 28
9689 24
9690 27
9691 22
9692 23
9693 18
9694 22
9695 18
9696 25
9697 19
9698 18
9699 18
9700 17
9701 22
9702 25
9703 18
9704 23
9705 22
9706 19
9707 24
9708 20
9709 14
9710 20
9711 15
9712 25
9713 23
9714 22
9715 23
9716 33
9717 22
9718 35
9719 31
9720 24
9721 23
9722 21
9723 25
9724 22
9725 23
9726 23
9727 22
9728 24
9729 29
9730 22
9731 26
9732 25
9733 20
9734 19
9735 20
9736 25
9737 21
9738 19
9739 21
9740 21
9741 20
9742 21
9743 26
9744 27
9745 24
9746 24
9747 27
9748 25
9749 24
9750 22
9751 21
9752 23
9753 22
9754 25
9755 28
9756 31
9757 21
9758 18
9759 17
9760 17
9761 24
9762 24
9763 21
9764 27
9765 28
9766 29
9767 18
9768 25
9769 13
9770 20
9771 25
9772 25
9773 22
9774 19
9775 21
9776 21
9777 20
9778 25
9779 16
9780 18
9781 25
9782 25
9783 19
9784 19
9785 13
9786 21
9787 24
9788 32
9789 22
9790 21
9791 21
9792 19
9793 22
9794 17
9795 26
9796 21
9797 22
9798 24
9799 25
9800 20
9801 23
9802 25
9803 27
9804 21
9805 15
9806 18
9807 24
9808 26
9809 21
9810 23
9811 18
9812 17
9813 30
9814 26
9815 23
9816 19
9817 21
9818 18
9819 19
9820 26
9821 24
9822 22
9823 31
9824 29
9825 24
9826 21
9827 21
9828 24
9829 19
9830 17
9831 24
9832 24
9833 27
9834 26
9835 28
9836 27
9837 18
9838 24
9839 24
9840 22
9841 26
9842 21
9843 16
9844 18
9845 25
9846 24
9847 25
9848 21
9849 21
9850 22
9851 24
9852 19
9853 24
9854 28
9855 21
9856 27
9857 17
9858 17
9859 25
9860 21
9861 22
9862 25
9863 21
9864 16
9865 19
9866 17
9867 16
9868 19
9869 20
9870 21
9871 21
9872 24
9873 25
9874 26
9875 22
9876 23
9877 13
9878 24
9879 21
9880 25
9881 16
9882 18
9883 21
9884 25
9885 26
9886 25
9887 21
9888 22
9889 20
9890 22
9891 22
9892 26
9893 18
9894 20
9895 21
9896 20
9897 35
9898 21
9899 25
9900 18
9901 19
9902 24
9903 21
9904 19
9905 21
9906 20
9907 19
9908 28
9909 19
9910 28
9911 25
9912 20
9913 19
9914 21
9915 22
9916 21
9917 24
9918 18
9919 23
9920 28
9921 26
9922 26
9923 24
9924 17
9925 22
9926 20
9927 19
9928 19
9929 26
9930 20
9931 23
9932 26
9933 28
9934 26
9935 21
9936 18
9937 26
9938 28
9939 17
9940 25
9941 20
9942 25
9943 21
9944 18
9945 23
9946 18
9947 11
9948 14
9949 8
9950 25
9951 27
9952 14
9953 17
9954 19
9955 23
9956 21
9957 20
9958 20
9959 21
9960 29
9961 27
9962 20
9963 20
9964 28
9965 23
9966 17
9967 20
9968 16
9969 22
9970 27
9971 17
9972 21
9973 26
9974 15
9975 20
9976 21
9977 28
9978 24
9979 26
9980 24
9981 40
9982 27
9983 17
9984 13
9985 16
9986 24
9987 18
9988 19
9989 25
9990 22
9991 22
9992 18
9993 20
9994 23
9995 26
9996 27
9997 15
9998 17
9999 14
